<?xml version="1.0" encoding="UTF-8" standalone="yes"?><!DOCTYPE report PUBLIC "-//JACOCO//DTD Report 1.1//EN" "report.dtd"><report name="com.irurueta:irurueta-algebra"><sessioninfo id="fv-az77-780-52be2079" start="1639183500465" dump="1639183511587"/><package name="com/irurueta/statistics"><class name="com/irurueta/statistics/MultivariateNormalDist" sourcefilename="MultivariateNormalDist.java"><method name="&lt;init&gt;" desc="()V" line="54"><counter type="INSTRUCTION" missed="0" covered="4"/><counter type="LINE" missed="0" covered="2"/><counter type="COMPLEXITY" missed="0" covered="1"/><counter type="METHOD" missed="0" covered="1"/></method><method name="&lt;init&gt;" desc="(I)V" line="66"><counter type="INSTRUCTION" missed="7" covered="20"/><counter type="BRANCH" missed="0" covered="2"/><counter type="LINE" missed="2" covered="7"/><counter type="COMPLEXITY" missed="0" covered="2"/><counter type="METHOD" missed="0" covered="1"/></method><method name="&lt;init&gt;" desc="([DLcom/irurueta/algebra/Matrix;)V" line="98"><counter type="INSTRUCTION" missed="0" covered="7"/><counter type="LINE" missed="0" covered="3"/><counter type="COMPLEXITY" missed="0" covered="1"/><counter type="METHOD" missed="0" covered="1"/></method><method name="&lt;init&gt;" desc="([DLcom/irurueta/algebra/Matrix;Z)V" line="123"><counter type="INSTRUCTION" missed="0" covered="8"/><counter type="LINE" missed="0" covered="3"/><counter type="COMPLEXITY" missed="0" covered="1"/><counter type="METHOD" missed="0" covered="1"/></method><method name="getMean" desc="()[D" line="134"><counter type="INSTRUCTION" missed="0" covered="3"/><counter type="LINE" missed="0" covered="1"/><counter type="COMPLEXITY" missed="0" covered="1"/><counter type="METHOD" missed="0" covered="1"/></method><method name="setMean" desc="([D)V" line="147"><counter type="INSTRUCTION" missed="0" covered="12"/><counter type="BRANCH" missed="0" covered="2"/><counter type="LINE" missed="0" covered="4"/><counter type="COMPLEXITY" missed="0" covered="2"/><counter type="METHOD" missed="0" covered="1"/></method><method name="getCovariance" desc="()Lcom/irurueta/algebra/Matrix;" line="161"><counter type="INSTRUCTION" missed="0" covered="6"/><counter type="LINE" missed="0" covered="1"/><counter type="COMPLEXITY" missed="0" covered="1"/><counter type="METHOD" missed="0" covered="1"/></method><method name="getCovariance" desc="(Lcom/irurueta/algebra/Matrix;)V" line="172"><counter type="INSTRUCTION" missed="0" covered="5"/><counter type="LINE" missed="0" covered="2"/><counter type="COMPLEXITY" missed="0" covered="1"/><counter type="METHOD" missed="0" covered="1"/></method><method name="setCovariance" desc="(Lcom/irurueta/algebra/Matrix;)V" line="184"><counter type="INSTRUCTION" missed="0" covered="5"/><counter type="LINE" missed="0" covered="2"/><counter type="COMPLEXITY" missed="0" covered="1"/><counter type="METHOD" missed="0" covered="1"/></method><method name="setCovariance" desc="(Lcom/irurueta/algebra/Matrix;Z)V" line="200"><counter type="INSTRUCTION" missed="7" covered="41"/><counter type="BRANCH" missed="0" covered="6"/><counter type="LINE" missed="2" covered="12"/><counter type="COMPLEXITY" missed="0" covered="4"/><counter type="METHOD" missed="0" covered="1"/></method><method name="setMeanAndCovariance" desc="([DLcom/irurueta/algebra/Matrix;)V" line="241"><counter type="INSTRUCTION" missed="0" covered="6"/><counter type="LINE" missed="0" covered="2"/><counter type="COMPLEXITY" missed="0" covered="1"/><counter type="METHOD" missed="0" covered="1"/></method><method name="setMeanAndCovariance" desc="([DLcom/irurueta/algebra/Matrix;Z)V" line="263"><counter type="INSTRUCTION" missed="0" covered="18"/><counter type="BRANCH" missed="0" covered="2"/><counter type="LINE" missed="0" covered="5"/><counter type="COMPLEXITY" missed="0" covered="2"/><counter type="METHOD" missed="0" covered="1"/></method><method name="isValidCovariance" desc="(Lcom/irurueta/algebra/Matrix;)Z" line="281"><counter type="INSTRUCTION" missed="3" covered="17"/><counter type="BRANCH" missed="0" covered="2"/><counter type="LINE" missed="2" covered="5"/><counter type="COMPLEXITY" missed="0" covered="2"/><counter type="METHOD" missed="0" covered="1"/></method><method name="isReady" desc="()Z" line="301"><counter type="INSTRUCTION" missed="0" covered="17"/><counter type="BRANCH" missed="2" covered="4"/><counter type="LINE" missed="0" covered="2"/><counter type="COMPLEXITY" missed="2" covered="2"/><counter type="METHOD" missed="0" covered="1"/></method><method name="getCovarianceBasis" desc="()Lcom/irurueta/algebra/Matrix;" line="315"><counter type="INSTRUCTION" missed="0" covered="3"/><counter type="LINE" missed="0" covered="1"/><counter type="COMPLEXITY" missed="0" covered="1"/><counter type="METHOD" missed="0" covered="1"/></method><method name="getVariances" desc="()[D" line="326"><counter type="INSTRUCTION" missed="0" covered="3"/><counter type="LINE" missed="0" covered="1"/><counter type="COMPLEXITY" missed="0" covered="1"/><counter type="METHOD" missed="0" covered="1"/></method><method name="p" desc="([D)D" line="344"><counter type="INSTRUCTION" missed="1" covered="46"/><counter type="BRANCH" missed="0" covered="4"/><counter type="LINE" missed="1" covered="10"/><counter type="COMPLEXITY" missed="0" covered="3"/><counter type="METHOD" missed="0" covered="1"/></method><method name="cdf" desc="([DLcom/irurueta/algebra/Matrix;)D" line="389"><counter type="INSTRUCTION" missed="4" covered="70"/><counter type="BRANCH" missed="0" covered="8"/><counter type="LINE" missed="3" covered="17"/><counter type="COMPLEXITY" missed="0" covered="5"/><counter type="METHOD" missed="0" covered="1"/></method><method name="cdf" desc="([D)D" line="443"><counter type="INSTRUCTION" missed="0" covered="5"/><counter type="LINE" missed="0" covered="1"/><counter type="COMPLEXITY" missed="0" covered="1"/><counter type="METHOD" missed="0" covered="1"/></method><method name="jointProbability" desc="([D)D" line="456"><counter type="INSTRUCTION" missed="0" covered="24"/><counter type="BRANCH" missed="0" covered="2"/><counter type="LINE" missed="0" covered="4"/><counter type="COMPLEXITY" missed="0" covered="2"/><counter type="METHOD" missed="0" covered="1"/></method><method name="invcdf" desc="([D[DLcom/irurueta/algebra/Matrix;)V" line="487"><counter type="INSTRUCTION" missed="4" covered="91"/><counter type="BRANCH" missed="0" covered="10"/><counter type="LINE" missed="3" covered="20"/><counter type="COMPLEXITY" missed="0" covered="6"/><counter type="METHOD" missed="0" covered="1"/></method><method name="invcdf" desc="([DLcom/irurueta/algebra/Matrix;)[D" line="553"><counter type="INSTRUCTION" missed="5" covered="15"/><counter type="BRANCH" missed="1" covered="1"/><counter type="LINE" missed="1" covered="4"/><counter type="COMPLEXITY" missed="1" covered="1"/><counter type="METHOD" missed="0" covered="1"/></method><method name="invcdf" desc="([D[D)V" line="583"><counter type="INSTRUCTION" missed="0" covered="6"/><counter type="LINE" missed="0" covered="2"/><counter type="COMPLEXITY" missed="0" covered="1"/><counter type="METHOD" missed="0" covered="1"/></method><method name="invcdf" desc="([D)[D" line="606"><counter type="INSTRUCTION" missed="0" covered="6"/><counter type="LINE" missed="0" covered="1"/><counter type="COMPLEXITY" missed="0" covered="1"/><counter type="METHOD" missed="0" covered="1"/></method><method name="invcdf" desc="(D[DLcom/irurueta/algebra/Matrix;)V" line="636"><counter type="INSTRUCTION" missed="5" covered="46"/><counter type="BRANCH" missed="1" covered="7"/><counter type="LINE" missed="1" covered="10"/><counter type="COMPLEXITY" missed="1" covered="4"/><counter type="METHOD" missed="0" covered="1"/></method><method name="invcdf" desc="(DLcom/irurueta/algebra/Matrix;)[D" line="683"><counter type="INSTRUCTION" missed="5" covered="15"/><counter type="BRANCH" missed="1" covered="1"/><counter type="LINE" missed="1" covered="4"/><counter type="COMPLEXITY" missed="1" covered="1"/><counter type="METHOD" missed="0" covered="1"/></method><method name="invcdf" desc="(D[D)V" line="716"><counter type="INSTRUCTION" missed="0" covered="6"/><counter type="LINE" missed="0" covered="2"/><counter type="COMPLEXITY" missed="0" covered="1"/><counter type="METHOD" missed="0" covered="1"/></method><method name="invcdf" desc="(D)[D" line="741"><counter type="INSTRUCTION" missed="0" covered="6"/><counter type="LINE" missed="0" covered="1"/><counter type="COMPLEXITY" missed="0" covered="1"/><counter type="METHOD" missed="0" covered="1"/></method><method name="mahalanobisDistance" desc="([D)D" line="756"><counter type="INSTRUCTION" missed="0" covered="5"/><counter type="LINE" missed="0" covered="1"/><counter type="COMPLEXITY" missed="0" covered="1"/><counter type="METHOD" missed="0" covered="1"/></method><method name="squaredMahalanobisDistance" desc="([D)D" line="771"><counter type="INSTRUCTION" missed="1" covered="27"/><counter type="LINE" missed="1" covered="8"/><counter type="COMPLEXITY" missed="0" covered="1"/><counter type="METHOD" missed="0" covered="1"/></method><method name="processCovariance" desc="()V" line="803"><counter type="INSTRUCTION" missed="5" covered="26"/><counter type="BRANCH" missed="2" covered="4"/><counter type="LINE" missed="1" covered="7"/><counter type="COMPLEXITY" missed="2" covered="2"/><counter type="METHOD" missed="0" covered="1"/></method><method name="propagate" desc="(Lcom/irurueta/statistics/MultivariateNormalDist$JacobianEvaluator;[DLcom/irurueta/algebra/Matrix;Lcom/irurueta/statistics/MultivariateNormalDist;)V" line="856"><counter type="INSTRUCTION" missed="0" covered="39"/><counter type="LINE" missed="0" covered="12"/><counter type="COMPLEXITY" missed="0" covered="1"/><counter type="METHOD" missed="0" covered="1"/></method><method name="propagate" desc="(Lcom/irurueta/statistics/MultivariateNormalDist$JacobianEvaluator;[DLcom/irurueta/algebra/Matrix;)Lcom/irurueta/statistics/MultivariateNormalDist;" line="898"><counter type="INSTRUCTION" missed="0" covered="11"/><counter type="LINE" missed="0" covered="3"/><counter type="COMPLEXITY" missed="0" covered="1"/><counter type="METHOD" missed="0" covered="1"/></method><method name="propagate" desc="(Lcom/irurueta/statistics/MultivariateNormalDist$JacobianEvaluator;Lcom/irurueta/statistics/MultivariateNormalDist;Lcom/irurueta/statistics/MultivariateNormalDist;)V" line="921"><counter type="INSTRUCTION" missed="1" covered="9"/><counter type="LINE" missed="1" covered="3"/><counter type="COMPLEXITY" missed="0" covered="1"/><counter type="METHOD" missed="0" covered="1"/></method><method name="propagate" desc="(Lcom/irurueta/statistics/MultivariateNormalDist$JacobianEvaluator;Lcom/irurueta/statistics/MultivariateNormalDist;)Lcom/irurueta/statistics/MultivariateNormalDist;" line="943"><counter type="INSTRUCTION" missed="0" covered="10"/><counter type="LINE" missed="0" covered="3"/><counter type="COMPLEXITY" missed="0" covered="1"/><counter type="METHOD" missed="0" covered="1"/></method><method name="propagateThisDistribution" desc="(Lcom/irurueta/statistics/MultivariateNormalDist$JacobianEvaluator;Lcom/irurueta/statistics/MultivariateNormalDist;)V" line="963"><counter type="INSTRUCTION" missed="0" covered="5"/><counter type="LINE" missed="0" covered="2"/><counter type="COMPLEXITY" missed="0" covered="1"/><counter type="METHOD" missed="0" covered="1"/></method><method name="propagateThisDistribution" desc="(Lcom/irurueta/statistics/MultivariateNormalDist$JacobianEvaluator;)Lcom/irurueta/statistics/MultivariateNormalDist;" line="980"><counter type="INSTRUCTION" missed="0" covered="10"/><counter type="LINE" missed="0" covered="3"/><counter type="COMPLEXITY" missed="0" covered="1"/><counter type="METHOD" missed="0" covered="1"/></method><counter type="INSTRUCTION" missed="48" covered="653"/><counter type="BRANCH" missed="7" covered="55"/><counter type="LINE" missed="19" covered="171"/><counter type="COMPLEXITY" missed="7" covered="61"/><counter type="METHOD" missed="0" covered="37"/><counter type="CLASS" missed="0" covered="1"/></class><class name="com/irurueta/statistics/MultivariateNormalDist$JacobianEvaluator" sourcefilename="MultivariateNormalDist.java"/><class name="com/irurueta/statistics/InvalidCovarianceMatrixException" sourcefilename="InvalidCovarianceMatrixException.java"><method name="&lt;init&gt;" desc="()V" line="29"><counter type="INSTRUCTION" missed="0" covered="3"/><counter type="LINE" missed="0" covered="2"/><counter type="COMPLEXITY" missed="0" covered="1"/><counter type="METHOD" missed="0" covered="1"/></method><method name="&lt;init&gt;" desc="(Ljava/lang/String;)V" line="38"><counter type="INSTRUCTION" missed="0" covered="4"/><counter type="LINE" missed="0" covered="2"/><counter type="COMPLEXITY" missed="0" covered="1"/><counter type="METHOD" missed="0" covered="1"/></method><method name="&lt;init&gt;" desc="(Ljava/lang/String;Ljava/lang/Throwable;)V" line="48"><counter type="INSTRUCTION" missed="0" covered="5"/><counter type="LINE" missed="0" covered="2"/><counter type="COMPLEXITY" missed="0" covered="1"/><counter type="METHOD" missed="0" covered="1"/></method><method name="&lt;init&gt;" desc="(Ljava/lang/Throwable;)V" line="57"><counter type="INSTRUCTION" missed="0" covered="4"/><counter type="LINE" missed="0" covered="2"/><counter type="COMPLEXITY" missed="0" covered="1"/><counter type="METHOD" missed="0" covered="1"/></method><counter type="INSTRUCTION" missed="0" covered="16"/><counter type="LINE" missed="0" covered="8"/><counter type="COMPLEXITY" missed="0" covered="4"/><counter type="METHOD" missed="0" covered="4"/><counter type="CLASS" missed="0" covered="1"/></class><class name="com/irurueta/statistics/MultivariateGaussianRandomizer" sourcefilename="MultivariateGaussianRandomizer.java"><method name="&lt;init&gt;" desc="()V" line="59"><counter type="INSTRUCTION" missed="0" covered="6"/><counter type="LINE" missed="0" covered="2"/><counter type="COMPLEXITY" missed="0" covered="1"/><counter type="METHOD" missed="0" covered="1"/></method><method name="&lt;init&gt;" desc="(Ljava/util/Random;)V" line="71"><counter type="INSTRUCTION" missed="1" covered="25"/><counter type="BRANCH" missed="0" covered="2"/><counter type="LINE" missed="1" covered="8"/><counter type="COMPLEXITY" missed="0" covered="2"/><counter type="METHOD" missed="0" covered="1"/></method><method name="&lt;init&gt;" desc="([DLcom/irurueta/algebra/Matrix;)V" line="98"><counter type="INSTRUCTION" missed="0" covered="8"/><counter type="LINE" missed="0" covered="2"/><counter type="COMPLEXITY" missed="0" covered="1"/><counter type="METHOD" missed="0" covered="1"/></method><method name="&lt;init&gt;" desc="(Ljava/util/Random;[DLcom/irurueta/algebra/Matrix;)V" line="117"><counter type="INSTRUCTION" missed="4" covered="12"/><counter type="BRANCH" missed="1" covered="1"/><counter type="LINE" missed="1" covered="5"/><counter type="COMPLEXITY" missed="1" covered="1"/><counter type="METHOD" missed="0" covered="1"/></method><method name="getMean" desc="()[D" line="132"><counter type="INSTRUCTION" missed="0" covered="3"/><counter type="LINE" missed="0" covered="1"/><counter type="COMPLEXITY" missed="0" covered="1"/><counter type="METHOD" missed="0" covered="1"/></method><method name="getCovariance" desc="()Lcom/irurueta/algebra/Matrix;" line="141"><counter type="INSTRUCTION" missed="0" covered="3"/><counter type="LINE" missed="0" covered="1"/><counter type="COMPLEXITY" missed="0" covered="1"/><counter type="METHOD" missed="0" covered="1"/></method><method name="setMeanAndCovariance" desc="([DLcom/irurueta/algebra/Matrix;)V" line="157"><counter type="INSTRUCTION" missed="7" covered="43"/><counter type="BRANCH" missed="1" covered="5"/><counter type="LINE" missed="2" covered="13"/><counter type="COMPLEXITY" missed="1" covered="3"/><counter type="METHOD" missed="0" covered="1"/></method><method name="next" desc="([D)V" line="191"><counter type="INSTRUCTION" missed="5" covered="71"/><counter type="BRANCH" missed="1" covered="9"/><counter type="LINE" missed="1" covered="12"/><counter type="COMPLEXITY" missed="1" covered="5"/><counter type="METHOD" missed="0" covered="1"/></method><method name="next" desc="()[D" line="228"><counter type="INSTRUCTION" missed="0" covered="10"/><counter type="LINE" missed="0" covered="3"/><counter type="COMPLEXITY" missed="0" covered="1"/><counter type="METHOD" missed="0" covered="1"/></method><counter type="INSTRUCTION" missed="17" covered="181"/><counter type="BRANCH" missed="3" covered="17"/><counter type="LINE" missed="5" covered="47"/><counter type="COMPLEXITY" missed="3" covered="16"/><counter type="METHOD" missed="0" covered="9"/><counter type="CLASS" missed="0" covered="1"/></class><sourcefile name="MultivariateGaussianRandomizer.java"><line nr="59" mi="0" ci="5" mb="0" cb="0"/><line nr="60" mi="0" ci="1" mb="0" cb="0"/><line nr="71" mi="0" ci="2" mb="0" cb="0"/><line nr="72" mi="0" ci="2" mb="0" cb="2"/><line nr="73" mi="0" ci="4" mb="0" cb="0"/><line nr="76" mi="0" ci="3" mb="0" cb="0"/><line nr="77" mi="0" ci="4" mb="0" cb="0"/><line nr="79" mi="0" ci="8" mb="0" cb="0"/><line nr="80" mi="1" ci="0" mb="0" cb="0"/><line nr="82" mi="0" ci="1" mb="0" cb="0"/><line nr="83" mi="0" ci="1" mb="0" cb="0"/><line nr="98" mi="0" ci="7" mb="0" cb="0"/><line nr="99" mi="0" ci="1" mb="0" cb="0"/><line nr="117" mi="0" ci="2" mb="0" cb="0"/><line nr="118" mi="0" ci="2" mb="1" cb="1"/><line nr="119" mi="4" ci="0" mb="0" cb="0"/><line nr="122" mi="0" ci="3" mb="0" cb="0"/><line nr="123" mi="0" ci="4" mb="0" cb="0"/><line nr="124" mi="0" ci="1" mb="0" cb="0"/><line nr="132" mi="0" ci="3" mb="0" cb="0"/><line nr="141" mi="0" ci="3" mb="0" cb="0"/><line nr="157" mi="0" ci="3" mb="0" cb="0"/><line nr="158" mi="0" ci="5" mb="0" cb="2"/><line nr="159" mi="0" ci="3" mb="1" cb="1"/><line nr="160" mi="0" ci="5" mb="0" cb="0"/><line nr="164" mi="0" ci="5" mb="0" cb="0"/><line nr="165" mi="0" ci="2" mb="0" cb="0"/><line nr="166" mi="0" ci="3" mb="0" cb="2"/><line nr="167" mi="0" ci="5" mb="0" cb="0"/><line nr="172" mi="0" ci="3" mb="0" cb="0"/><line nr="173" mi="0" ci="3" mb="0" cb="0"/><line nr="175" mi="0" ci="4" mb="0" cb="0"/><line nr="176" mi="1" ci="0" mb="0" cb="0"/><line nr="177" mi="6" ci="0" mb="0" cb="0"/><line nr="179" mi="0" ci="1" mb="0" cb="0"/><line nr="180" mi="0" ci="1" mb="0" cb="0"/><line nr="191" mi="0" ci="3" mb="0" cb="0"/><line nr="193" mi="0" ci="5" mb="1" cb="1"/><line nr="194" mi="5" ci="0" mb="0" cb="0"/><line nr="199" mi="0" ci="3" mb="0" cb="0"/><line nr="200" mi="0" ci="7" mb="0" cb="2"/><line nr="201" mi="0" ci="6" mb="0" cb="0"/><line nr="206" mi="0" ci="7" mb="0" cb="2"/><line nr="207" mi="0" ci="4" mb="0" cb="0"/><line nr="209" mi="0" ci="7" mb="0" cb="2"/><line nr="210" mi="0" ci="3" mb="0" cb="2"/><line nr="212" mi="0" ci="15" mb="0" cb="0"/><line nr="217" mi="0" ci="10" mb="0" cb="0"/><line nr="219" mi="0" ci="1" mb="0" cb="0"/><line nr="228" mi="0" ci="5" mb="0" cb="0"/><line nr="229" mi="0" ci="3" mb="0" cb="0"/><line nr="230" mi="0" ci="2" mb="0" cb="0"/><counter type="INSTRUCTION" missed="17" covered="181"/><counter type="BRANCH" missed="3" covered="17"/><counter type="LINE" missed="5" covered="47"/><counter type="COMPLEXITY" missed="3" covered="16"/><counter type="METHOD" missed="0" covered="9"/><counter type="CLASS" missed="0" covered="1"/></sourcefile><sourcefile name="MultivariateNormalDist.java"><line nr="54" mi="0" ci="3" mb="0" cb="0"/><line nr="55" mi="0" ci="1" mb="0" cb="0"/><line nr="66" mi="0" ci="2" mb="0" cb="0"/><line nr="67" mi="0" ci="2" mb="0" cb="2"/><line nr="68" mi="0" ci="5" mb="0" cb="0"/><line nr="72" mi="0" ci="4" mb="0" cb="0"/><line nr="74" mi="0" ci="5" mb="0" cb="0"/><line nr="75" mi="1" ci="0" mb="0" cb="0"/><line nr="76" mi="6" ci="0" mb="0" cb="0"/><line nr="78" mi="0" ci="1" mb="0" cb="0"/><line nr="79" mi="0" ci="1" mb="0" cb="0"/><line nr="98" mi="0" ci="2" mb="0" cb="0"/><line nr="99" mi="0" ci="4" mb="0" cb="0"/><line nr="100" mi="0" ci="1" mb="0" cb="0"/><line nr="123" mi="0" ci="2" mb="0" cb="0"/><line nr="124" mi="0" ci="5" mb="0" cb="0"/><line nr="126" mi="0" ci="1" mb="0" cb="0"/><line nr="134" mi="0" ci="3" mb="0" cb="0"/><line nr="147" mi="0" ci="3" mb="0" cb="2"/><line nr="148" mi="0" ci="5" mb="0" cb="0"/><line nr="151" mi="0" ci="3" mb="0" cb="0"/><line nr="152" mi="0" ci="1" mb="0" cb="0"/><line nr="161" mi="0" ci="6" mb="0" cb="0"/><line nr="172" mi="0" ci="4" mb="0" cb="0"/><line nr="173" mi="0" ci="1" mb="0" cb="0"/><line nr="184" mi="0" ci="4" mb="0" cb="0"/><line nr="185" mi="0" ci="1" mb="0" cb="0"/><line nr="200" mi="0" ci="5" mb="0" cb="2"/><line nr="201" mi="0" ci="5" mb="0" cb="0"/><line nr="206" mi="0" ci="2" mb="0" cb="2"/><line nr="207" mi="0" ci="5" mb="0" cb="0"/><line nr="208" mi="0" ci="2" mb="0" cb="0"/><line nr="209" mi="0" ci="3" mb="0" cb="2"/><line nr="210" mi="0" ci="5" mb="0" cb="0"/><line nr="216" mi="0" ci="6" mb="0" cb="0"/><line nr="217" mi="0" ci="3" mb="0" cb="0"/><line nr="218" mi="0" ci="3" mb="0" cb="0"/><line nr="219" mi="1" ci="0" mb="0" cb="0"/><line nr="220" mi="6" ci="0" mb="0" cb="0"/><line nr="222" mi="0" ci="1" mb="0" cb="0"/><line nr="223" mi="0" ci="1" mb="0" cb="0"/><line nr="241" mi="0" ci="5" mb="0" cb="0"/><line nr="242" mi="0" ci="1" mb="0" cb="0"/><line nr="263" mi="0" ci="5" mb="0" cb="2"/><line nr="264" mi="0" ci="5" mb="0" cb="0"/><line nr="268" mi="0" ci="4" mb="0" cb="0"/><line nr="269" mi="0" ci="3" mb="0" cb="0"/><line nr="270" mi="0" ci="1" mb="0" cb="0"/><line nr="281" mi="0" ci="5" mb="0" cb="2"/><line nr="282" mi="0" ci="2" mb="0" cb="0"/><line nr="286" mi="0" ci="5" mb="0" cb="0"/><line nr="287" mi="0" ci="2" mb="0" cb="0"/><line nr="288" mi="0" ci="3" mb="0" cb="0"/><line nr="289" mi="1" ci="0" mb="0" cb="0"/><line nr="290" mi="2" ci="0" mb="0" cb="0"/><line nr="301" mi="0" ci="12" mb="2" cb="2"/><line nr="302" mi="0" ci="5" mb="0" cb="2"/><line nr="315" mi="0" ci="3" mb="0" cb="0"/><line nr="326" mi="0" ci="3" mb="0" cb="0"/><line nr="344" mi="0" ci="3" mb="0" cb="2"/><line nr="345" mi="0" ci="4" mb="0" cb="0"/><line nr="348" mi="0" ci="3" mb="0" cb="0"/><line nr="349" mi="0" ci="5" mb="0" cb="2"/><line nr="350" mi="0" ci="5" mb="0" cb="0"/><line nr="354" mi="0" ci="2" mb="0" cb="0"/><line nr="356" mi="0" ci="4" mb="0" cb="0"/><line nr="357" mi="1" ci="0" mb="0" cb="0"/><line nr="359" mi="0" ci="1" mb="0" cb="0"/><line nr="361" mi="0" ci="10" mb="0" cb="0"/><line nr="363" mi="0" ci="9" mb="0" cb="0"/><line nr="389" mi="0" ci="3" mb="0" cb="2"/><line nr="390" mi="0" ci="4" mb="0" cb="0"/><line nr="393" mi="0" ci="3" mb="0" cb="0"/><line nr="394" mi="0" ci="5" mb="0" cb="2"/><line nr="395" mi="0" ci="5" mb="0" cb="0"/><line nr="399" mi="0" ci="2" mb="0" cb="0"/><line nr="401" mi="0" ci="2" mb="0" cb="0"/><line nr="403" mi="0" ci="2" mb="0" cb="2"/><line nr="404" mi="0" ci="4" mb="0" cb="0"/><line nr="407" mi="0" ci="7" mb="0" cb="2"/><line nr="408" mi="0" ci="8" mb="0" cb="0"/><line nr="409" mi="0" ci="2" mb="0" cb="0"/><line nr="410" mi="0" ci="4" mb="0" cb="0"/><line nr="411" mi="0" ci="5" mb="0" cb="0"/><line nr="412" mi="0" ci="11" mb="0" cb="0"/><line nr="415" mi="1" ci="0" mb="0" cb="0"/><line nr="416" mi="2" ci="0" mb="0" cb="0"/><line nr="417" mi="1" ci="0" mb="0" cb="0"/><line nr="419" mi="0" ci="1" mb="0" cb="0"/><line nr="421" mi="0" ci="2" mb="0" cb="0"/><line nr="443" mi="0" ci="5" mb="0" cb="0"/><line nr="456" mi="0" ci="2" mb="0" cb="0"/><line nr="457" mi="0" ci="16" mb="0" cb="2"/><line nr="458" mi="0" ci="4" mb="0" cb="0"/><line nr="460" mi="0" ci="2" mb="0" cb="0"/><line nr="487" mi="0" ci="3" mb="0" cb="2"/><line nr="488" mi="0" ci="5" mb="0" cb="0"/><line nr="492" mi="0" ci="3" mb="0" cb="0"/><line nr="493" mi="0" ci="5" mb="0" cb="2"/><line nr="494" mi="0" ci="5" mb="0" cb="0"/><line nr="498" mi="0" ci="4" mb="0" cb="2"/><line nr="499" mi="0" ci="5" mb="0" cb="0"/><line nr="504" mi="0" ci="2" mb="0" cb="0"/><line nr="506" mi="0" ci="2" mb="0" cb="2"/><line nr="507" mi="0" ci="4" mb="0" cb="0"/><line nr="511" mi="0" ci="7" mb="0" cb="0"/><line nr="512" mi="0" ci="7" mb="0" cb="2"/><line nr="513" mi="0" ci="8" mb="0" cb="0"/><line nr="514" mi="0" ci="2" mb="0" cb="0"/><line nr="515" mi="0" ci="18" mb="0" cb="0"/><line nr="516" mi="0" ci="1" mb="0" cb="0"/><line nr="518" mi="0" ci="4" mb="0" cb="0"/><line nr="521" mi="0" ci="4" mb="0" cb="0"/><line nr="523" mi="1" ci="0" mb="0" cb="0"/><line nr="524" mi="2" ci="0" mb="0" cb="0"/><line nr="525" mi="1" ci="0" mb="0" cb="0"/><line nr="527" mi="0" ci="1" mb="0" cb="0"/><line nr="528" mi="0" ci="1" mb="0" cb="0"/><line nr="553" mi="0" ci="3" mb="1" cb="1"/><line nr="554" mi="5" ci="0" mb="0" cb="0"/><line nr="557" mi="0" ci="5" mb="0" cb="0"/><line nr="558" mi="0" ci="5" mb="0" cb="0"/><line nr="559" mi="0" ci="2" mb="0" cb="0"/><line nr="583" mi="0" ci="5" mb="0" cb="0"/><line nr="584" mi="0" ci="1" mb="0" cb="0"/><line nr="606" mi="0" ci="6" mb="0" cb="0"/><line nr="636" mi="0" ci="8" mb="0" cb="4"/><line nr="637" mi="0" ci="5" mb="0" cb="0"/><line nr="641" mi="0" ci="3" mb="1" cb="1"/><line nr="642" mi="5" ci="0" mb="0" cb="0"/><line nr="646" mi="0" ci="3" mb="0" cb="0"/><line nr="647" mi="0" ci="5" mb="0" cb="2"/><line nr="648" mi="0" ci="5" mb="0" cb="0"/><line nr="652" mi="0" ci="3" mb="0" cb="0"/><line nr="653" mi="0" ci="8" mb="0" cb="0"/><line nr="654" mi="0" ci="5" mb="0" cb="0"/><line nr="655" mi="0" ci="1" mb="0" cb="0"/><line nr="683" mi="0" ci="3" mb="1" cb="1"/><line nr="684" mi="5" ci="0" mb="0" cb="0"/><line nr="687" mi="0" ci="5" mb="0" cb="0"/><line nr="688" mi="0" ci="5" mb="0" cb="0"/><line nr="689" mi="0" ci="2" mb="0" cb="0"/><line nr="716" mi="0" ci="5" mb="0" cb="0"/><line nr="717" mi="0" ci="1" mb="0" cb="0"/><line nr="741" mi="0" ci="6" mb="0" cb="0"/><line nr="756" mi="0" ci="5" mb="0" cb="0"/><line nr="771" mi="0" ci="5" mb="0" cb="0"/><line nr="772" mi="0" ci="4" mb="0" cb="0"/><line nr="773" mi="0" ci="3" mb="0" cb="0"/><line nr="776" mi="0" ci="4" mb="0" cb="0"/><line nr="777" mi="0" ci="3" mb="0" cb="0"/><line nr="778" mi="0" ci="3" mb="0" cb="0"/><line nr="780" mi="1" ci="0" mb="0" cb="0"/><line nr="782" mi="0" ci="1" mb="0" cb="0"/><line nr="784" mi="0" ci="4" mb="0" cb="0"/><line nr="803" mi="0" ci="3" mb="1" cb="1"/><line nr="804" mi="5" ci="0" mb="0" cb="0"/><line nr="807" mi="0" ci="6" mb="1" cb="3"/><line nr="808" mi="0" ci="6" mb="0" cb="0"/><line nr="810" mi="0" ci="2" mb="0" cb="0"/><line nr="824" mi="0" ci="4" mb="0" cb="0"/><line nr="827" mi="0" ci="4" mb="0" cb="0"/><line nr="829" mi="0" ci="1" mb="0" cb="0"/><line nr="856" mi="0" ci="3" mb="0" cb="0"/><line nr="857" mi="0" ci="3" mb="0" cb="0"/><line nr="858" mi="0" ci="3" mb="0" cb="0"/><line nr="859" mi="0" ci="6" mb="0" cb="0"/><line nr="860" mi="0" ci="5" mb="0" cb="0"/><line nr="864" mi="0" ci="3" mb="0" cb="0"/><line nr="865" mi="0" ci="3" mb="0" cb="0"/><line nr="866" mi="0" ci="3" mb="0" cb="0"/><line nr="869" mi="0" ci="2" mb="0" cb="0"/><line nr="871" mi="0" ci="3" mb="0" cb="0"/><line nr="872" mi="0" ci="4" mb="0" cb="0"/><line nr="873" mi="0" ci="1" mb="0" cb="0"/><line nr="898" mi="0" ci="4" mb="0" cb="0"/><line nr="899" mi="0" ci="5" mb="0" cb="0"/><line nr="900" mi="0" ci="2" mb="0" cb="0"/><line nr="921" mi="0" ci="7" mb="0" cb="0"/><line nr="922" mi="1" ci="0" mb="0" cb="0"/><line nr="924" mi="0" ci="1" mb="0" cb="0"/><line nr="925" mi="0" ci="1" mb="0" cb="0"/><line nr="943" mi="0" ci="4" mb="0" cb="0"/><line nr="944" mi="0" ci="4" mb="0" cb="0"/><line nr="945" mi="0" ci="2" mb="0" cb="0"/><line nr="963" mi="0" ci="4" mb="0" cb="0"/><line nr="964" mi="0" ci="1" mb="0" cb="0"/><line nr="980" mi="0" ci="4" mb="0" cb="0"/><line nr="981" mi="0" ci="4" mb="0" cb="0"/><line nr="982" mi="0" ci="2" mb="0" cb="0"/><counter type="INSTRUCTION" missed="48" covered="653"/><counter type="BRANCH" missed="7" covered="55"/><counter type="LINE" missed="19" covered="171"/><counter type="COMPLEXITY" missed="7" covered="61"/><counter type="METHOD" missed="0" covered="37"/><counter type="CLASS" missed="0" covered="1"/></sourcefile><sourcefile name="InvalidCovarianceMatrixException.java"><line nr="29" mi="0" ci="2" mb="0" cb="0"/><line nr="30" mi="0" ci="1" mb="0" cb="0"/><line nr="38" mi="0" ci="3" mb="0" cb="0"/><line nr="39" mi="0" ci="1" mb="0" cb="0"/><line nr="48" mi="0" ci="4" mb="0" cb="0"/><line nr="49" mi="0" ci="1" mb="0" cb="0"/><line nr="57" mi="0" ci="3" mb="0" cb="0"/><line nr="58" mi="0" ci="1" mb="0" cb="0"/><counter type="INSTRUCTION" missed="0" covered="16"/><counter type="LINE" missed="0" covered="8"/><counter type="COMPLEXITY" missed="0" covered="4"/><counter type="METHOD" missed="0" covered="4"/><counter type="CLASS" missed="0" covered="1"/></sourcefile><counter type="INSTRUCTION" missed="65" covered="850"/><counter type="BRANCH" missed="10" covered="72"/><counter type="LINE" missed="24" covered="226"/><counter type="COMPLEXITY" missed="10" covered="81"/><counter type="METHOD" missed="0" covered="50"/><counter type="CLASS" missed="0" covered="3"/></package><package name="com/irurueta/algebra"><class name="com/irurueta/algebra/GaussJordanElimination" sourcefilename="GaussJordanElimination.java"><method name="process" desc="(Lcom/irurueta/algebra/Matrix;Lcom/irurueta/algebra/Matrix;)V" line="55"><counter type="INSTRUCTION" missed="0" covered="320"/><counter type="BRANCH" missed="0" covered="48"/><counter type="LINE" missed="0" covered="61"/><counter type="COMPLEXITY" missed="0" covered="25"/><counter type="METHOD" missed="0" covered="1"/></method><method name="process" desc="(Lcom/irurueta/algebra/Matrix;[D)V" line="170"><counter type="INSTRUCTION" missed="1" covered="22"/><counter type="BRANCH" missed="2" covered="2"/><counter type="LINE" missed="0" covered="6"/><counter type="COMPLEXITY" missed="2" covered="1"/><counter type="METHOD" missed="0" covered="1"/></method><method name="inverse" desc="(Lcom/irurueta/algebra/Matrix;)V" line="190"><counter type="INSTRUCTION" missed="0" covered="5"/><counter type="LINE" missed="0" covered="2"/><counter type="COMPLEXITY" missed="0" covered="1"/><counter type="METHOD" missed="0" covered="1"/></method><method name="swap" desc="([D[DII)V" line="203"><counter type="INSTRUCTION" missed="0" covered="17"/><counter type="LINE" missed="0" covered="5"/><counter type="COMPLEXITY" missed="0" covered="1"/><counter type="METHOD" missed="0" covered="1"/></method><counter type="INSTRUCTION" missed="1" covered="364"/><counter type="BRANCH" missed="2" covered="50"/><counter type="LINE" missed="0" covered="74"/><counter type="COMPLEXITY" missed="2" covered="28"/><counter type="METHOD" missed="0" covered="4"/><counter type="CLASS" missed="0" covered="1"/></class><class name="com/irurueta/algebra/Matrix" sourcefilename="Matrix.java"><method name="&lt;init&gt;" desc="(II)V" line="71"><counter type="INSTRUCTION" missed="0" covered="7"/><counter type="LINE" missed="0" covered="3"/><counter type="COMPLEXITY" missed="0" covered="1"/><counter type="METHOD" missed="0" covered="1"/></method><method name="&lt;init&gt;" desc="(Lcom/irurueta/algebra/Matrix;)V" line="80"><counter type="INSTRUCTION" missed="1" covered="20"/><counter type="LINE" missed="1" covered="5"/><counter type="COMPLEXITY" missed="0" covered="1"/><counter type="METHOD" missed="0" covered="1"/></method><method name="getRows" desc="()I" line="96"><counter type="INSTRUCTION" missed="0" covered="3"/><counter type="LINE" missed="0" covered="1"/><counter type="COMPLEXITY" missed="0" covered="1"/><counter type="METHOD" missed="0" covered="1"/></method><method name="getColumns" desc="()I" line="105"><counter type="INSTRUCTION" missed="0" covered="3"/><counter type="LINE" missed="0" covered="1"/><counter type="COMPLEXITY" missed="0" covered="1"/><counter type="METHOD" missed="0" covered="1"/></method><method name="getElementAt" desc="(II)D" line="124"><counter type="INSTRUCTION" missed="0" covered="10"/><counter type="LINE" missed="0" covered="1"/><counter type="COMPLEXITY" missed="0" covered="1"/><counter type="METHOD" missed="0" covered="1"/></method><method name="getIndex" desc="(II)I" line="136"><counter type="INSTRUCTION" missed="0" covered="7"/><counter type="LINE" missed="0" covered="1"/><counter type="COMPLEXITY" missed="0" covered="1"/><counter type="METHOD" missed="0" covered="1"/></method><method name="getElementAtIndex" desc="(I)D" line="154"><counter type="INSTRUCTION" missed="0" covered="5"/><counter type="LINE" missed="0" covered="1"/><counter type="COMPLEXITY" missed="0" covered="1"/><counter type="METHOD" missed="0" covered="1"/></method><method name="getElementAtIndex" desc="(IZ)D" line="171"><counter type="INSTRUCTION" missed="0" covered="27"/><counter type="BRANCH" missed="0" covered="2"/><counter type="LINE" missed="0" covered="5"/><counter type="COMPLEXITY" missed="0" covered="2"/><counter type="METHOD" missed="0" covered="1"/></method><method name="setElementAt" desc="(IID)V" line="196"><counter type="INSTRUCTION" missed="0" covered="11"/><counter type="LINE" missed="0" covered="2"/><counter type="COMPLEXITY" missed="0" covered="1"/><counter type="METHOD" missed="0" covered="1"/></method><method name="setElementAtIndex" desc="(ID)V" line="215"><counter type="INSTRUCTION" missed="0" covered="6"/><counter type="LINE" missed="0" covered="2"/><counter type="COMPLEXITY" missed="0" covered="1"/><counter type="METHOD" missed="0" covered="1"/></method><method name="setElementAtIndex" desc="(IDZ)V" line="232"><counter type="INSTRUCTION" missed="0" covered="29"/><counter type="BRANCH" missed="0" covered="2"/><counter type="LINE" missed="0" covered="6"/><counter type="COMPLEXITY" missed="0" covered="2"/><counter type="METHOD" missed="0" covered="1"/></method><method name="clone" desc="()Lcom/irurueta/algebra/Matrix;" line="249"><counter type="INSTRUCTION" missed="0" covered="9"/><counter type="LINE" missed="0" covered="3"/><counter type="COMPLEXITY" missed="0" covered="1"/><counter type="METHOD" missed="0" covered="1"/></method><method name="copyTo" desc="(Lcom/irurueta/algebra/Matrix;)V" line="265"><counter type="INSTRUCTION" missed="1" covered="28"/><counter type="BRANCH" missed="1" covered="3"/><counter type="LINE" missed="1" covered="5"/><counter type="COMPLEXITY" missed="1" covered="2"/><counter type="METHOD" missed="0" covered="1"/></method><method name="copyFrom" desc="(Lcom/irurueta/algebra/Matrix;)V" line="287"><counter type="INSTRUCTION" missed="1" covered="28"/><counter type="BRANCH" missed="1" covered="3"/><counter type="LINE" missed="1" covered="5"/><counter type="COMPLEXITY" missed="1" covered="2"/><counter type="METHOD" missed="0" covered="1"/></method><method name="add" desc="(Lcom/irurueta/algebra/Matrix;Lcom/irurueta/algebra/Matrix;)V" line="312"><counter type="INSTRUCTION" missed="10" covered="25"/><counter type="BRANCH" missed="4" covered="4"/><counter type="LINE" missed="2" covered="4"/><counter type="COMPLEXITY" missed="4" covered="1"/><counter type="METHOD" missed="0" covered="1"/></method><method name="addAndReturnNew" desc="(Lcom/irurueta/algebra/Matrix;)Lcom/irurueta/algebra/Matrix;" line="336"><counter type="INSTRUCTION" missed="0" covered="28"/><counter type="BRANCH" missed="1" covered="3"/><counter type="LINE" missed="0" covered="5"/><counter type="COMPLEXITY" missed="1" covered="2"/><counter type="METHOD" missed="0" covered="1"/></method><method name="add" desc="(Lcom/irurueta/algebra/Matrix;)V" line="354"><counter type="INSTRUCTION" missed="0" covered="19"/><counter type="BRANCH" missed="1" covered="3"/><counter type="LINE" missed="0" covered="4"/><counter type="COMPLEXITY" missed="1" covered="2"/><counter type="METHOD" missed="0" covered="1"/></method><method name="subtract" desc="(Lcom/irurueta/algebra/Matrix;Lcom/irurueta/algebra/Matrix;)V" line="374"><counter type="INSTRUCTION" missed="10" covered="25"/><counter type="BRANCH" missed="4" covered="4"/><counter type="LINE" missed="2" covered="4"/><counter type="COMPLEXITY" missed="4" covered="1"/><counter type="METHOD" missed="0" covered="1"/></method><method name="subtractAndReturnNew" desc="(Lcom/irurueta/algebra/Matrix;)Lcom/irurueta/algebra/Matrix;" line="399"><counter type="INSTRUCTION" missed="0" covered="28"/><counter type="BRANCH" missed="1" covered="3"/><counter type="LINE" missed="0" covered="5"/><counter type="COMPLEXITY" missed="1" covered="2"/><counter type="METHOD" missed="0" covered="1"/></method><method name="subtract" desc="(Lcom/irurueta/algebra/Matrix;)V" line="417"><counter type="INSTRUCTION" missed="4" covered="15"/><counter type="BRANCH" missed="2" covered="2"/><counter type="LINE" missed="1" covered="3"/><counter type="COMPLEXITY" missed="2" covered="1"/><counter type="METHOD" missed="0" covered="1"/></method><method name="multiply" desc="(Lcom/irurueta/algebra/Matrix;Lcom/irurueta/algebra/Matrix;)V" line="437"><counter type="INSTRUCTION" missed="4" covered="26"/><counter type="BRANCH" missed="1" covered="5"/><counter type="LINE" missed="1" covered="5"/><counter type="COMPLEXITY" missed="1" covered="3"/><counter type="METHOD" missed="0" covered="1"/></method><method name="multiplyAndReturnNew" desc="(Lcom/irurueta/algebra/Matrix;)Lcom/irurueta/algebra/Matrix;" line="466"><counter type="INSTRUCTION" missed="0" covered="23"/><counter type="BRANCH" missed="0" covered="2"/><counter type="LINE" missed="0" covered="5"/><counter type="COMPLEXITY" missed="0" covered="2"/><counter type="METHOD" missed="0" covered="1"/></method><method name="multiply" desc="(Lcom/irurueta/algebra/Matrix;)V" line="489"><counter type="INSTRUCTION" missed="0" covered="55"/><counter type="BRANCH" missed="0" covered="4"/><counter type="LINE" missed="0" covered="13"/><counter type="COMPLEXITY" missed="0" covered="3"/><counter type="METHOD" missed="0" covered="1"/></method><method name="multiplyKronecker" desc="(Lcom/irurueta/algebra/Matrix;Lcom/irurueta/algebra/Matrix;)V" line="519"><counter type="INSTRUCTION" missed="5" covered="26"/><counter type="BRANCH" missed="3" covered="1"/><counter type="LINE" missed="1" covered="7"/><counter type="COMPLEXITY" missed="2" covered="1"/><counter type="METHOD" missed="0" covered="1"/></method><method name="multiplyKroneckerAndReturnNew" desc="(Lcom/irurueta/algebra/Matrix;)Lcom/irurueta/algebra/Matrix;" line="542"><counter type="INSTRUCTION" missed="1" covered="23"/><counter type="LINE" missed="1" covered="5"/><counter type="COMPLEXITY" missed="0" covered="1"/><counter type="METHOD" missed="0" covered="1"/></method><method name="multiplyKronecker" desc="(Lcom/irurueta/algebra/Matrix;)V" line="563"><counter type="INSTRUCTION" missed="0" covered="55"/><counter type="BRANCH" missed="0" covered="2"/><counter type="LINE" missed="0" covered="14"/><counter type="COMPLEXITY" missed="0" covered="2"/><counter type="METHOD" missed="0" covered="1"/></method><method name="multiplyByScalar" desc="(DLcom/irurueta/algebra/Matrix;)V" line="591"><counter type="INSTRUCTION" missed="0" covered="24"/><counter type="BRANCH" missed="0" covered="2"/><counter type="LINE" missed="0" covered="4"/><counter type="COMPLEXITY" missed="0" covered="2"/><counter type="METHOD" missed="0" covered="1"/></method><method name="multiplyByScalarAndReturnNew" desc="(D)Lcom/irurueta/algebra/Matrix;" line="606"><counter type="INSTRUCTION" missed="1" covered="17"/><counter type="LINE" missed="1" covered="5"/><counter type="COMPLEXITY" missed="0" covered="1"/><counter type="METHOD" missed="0" covered="1"/></method><method name="multiplyByScalar" desc="(D)V" line="623"><counter type="INSTRUCTION" missed="0" covered="5"/><counter type="LINE" missed="0" covered="2"/><counter type="COMPLEXITY" missed="0" covered="1"/><counter type="METHOD" missed="0" covered="1"/></method><method name="equals" desc="(Ljava/lang/Object;)Z" line="635"><counter type="INSTRUCTION" missed="2" covered="19"/><counter type="BRANCH" missed="1" covered="5"/><counter type="LINE" missed="1" covered="7"/><counter type="COMPLEXITY" missed="1" covered="3"/><counter type="METHOD" missed="0" covered="1"/></method><method name="hashCode" desc="()I" line="658"><counter type="INSTRUCTION" missed="0" covered="30"/><counter type="LINE" missed="0" covered="2"/><counter type="COMPLEXITY" missed="0" covered="1"/><counter type="METHOD" missed="0" covered="1"/></method><method name="equals" desc="(Lcom/irurueta/algebra/Matrix;)Z" line="671"><counter type="INSTRUCTION" missed="0" covered="5"/><counter type="LINE" missed="0" covered="1"/><counter type="COMPLEXITY" missed="0" covered="1"/><counter type="METHOD" missed="0" covered="1"/></method><method name="equals" desc="(Lcom/irurueta/algebra/Matrix;D)Z" line="686"><counter type="INSTRUCTION" missed="2" covered="46"/><counter type="BRANCH" missed="1" covered="9"/><counter type="LINE" missed="1" covered="10"/><counter type="COMPLEXITY" missed="1" covered="5"/><counter type="METHOD" missed="0" covered="1"/></method><method name="elementByElementProduct" desc="(Lcom/irurueta/algebra/Matrix;Lcom/irurueta/algebra/Matrix;)V" line="720"><counter type="INSTRUCTION" missed="10" covered="25"/><counter type="BRANCH" missed="4" covered="4"/><counter type="LINE" missed="2" covered="4"/><counter type="COMPLEXITY" missed="4" covered="1"/><counter type="METHOD" missed="0" covered="1"/></method><method name="elementByElementProductAndReturnNew" desc="(Lcom/irurueta/algebra/Matrix;)Lcom/irurueta/algebra/Matrix;" line="757"><counter type="INSTRUCTION" missed="0" covered="28"/><counter type="BRANCH" missed="1" covered="3"/><counter type="LINE" missed="0" covered="5"/><counter type="COMPLEXITY" missed="1" covered="2"/><counter type="METHOD" missed="0" covered="1"/></method><method name="elementByElementProduct" desc="(Lcom/irurueta/algebra/Matrix;)V" line="790"><counter type="INSTRUCTION" missed="0" covered="19"/><counter type="BRANCH" missed="1" covered="3"/><counter type="LINE" missed="0" covered="4"/><counter type="COMPLEXITY" missed="1" covered="2"/><counter type="METHOD" missed="0" covered="1"/></method><method name="transpose" desc="(Lcom/irurueta/algebra/Matrix;)V" line="805"><counter type="INSTRUCTION" missed="6" covered="16"/><counter type="BRANCH" missed="3" covered="1"/><counter type="LINE" missed="1" covered="5"/><counter type="COMPLEXITY" missed="2" covered="1"/><counter type="METHOD" missed="0" covered="1"/></method><method name="transposeAndReturnNew" desc="()Lcom/irurueta/algebra/Matrix;" line="825"><counter type="INSTRUCTION" missed="1" covered="16"/><counter type="LINE" missed="1" covered="5"/><counter type="COMPLEXITY" missed="0" covered="1"/><counter type="METHOD" missed="0" covered="1"/></method><method name="transpose" desc="()V" line="844"><counter type="INSTRUCTION" missed="0" covered="51"/><counter type="BRANCH" missed="0" covered="2"/><counter type="LINE" missed="0" covered="13"/><counter type="COMPLEXITY" missed="0" covered="2"/><counter type="METHOD" missed="0" covered="1"/></method><method name="initialize" desc="(D)V" line="871"><counter type="INSTRUCTION" missed="0" covered="5"/><counter type="LINE" missed="0" covered="2"/><counter type="COMPLEXITY" missed="0" covered="1"/><counter type="METHOD" missed="0" covered="1"/></method><method name="resize" desc="(II)V" line="884"><counter type="INSTRUCTION" missed="0" covered="5"/><counter type="LINE" missed="0" covered="2"/><counter type="COMPLEXITY" missed="0" covered="1"/><counter type="METHOD" missed="0" covered="1"/></method><method name="reset" desc="(IID)V" line="899"><counter type="INSTRUCTION" missed="0" covered="8"/><counter type="LINE" missed="0" covered="3"/><counter type="COMPLEXITY" missed="0" covered="1"/><counter type="METHOD" missed="0" covered="1"/></method><method name="toArray" desc="()[D" line="910"><counter type="INSTRUCTION" missed="0" covered="4"/><counter type="LINE" missed="0" covered="1"/><counter type="COMPLEXITY" missed="0" covered="1"/><counter type="METHOD" missed="0" covered="1"/></method><method name="toArray" desc="(Z)[D" line="922"><counter type="INSTRUCTION" missed="0" covered="51"/><counter type="BRANCH" missed="0" covered="6"/><counter type="LINE" missed="0" covered="11"/><counter type="COMPLEXITY" missed="0" covered="4"/><counter type="METHOD" missed="0" covered="1"/></method><method name="toArray" desc="([D)V" line="952"><counter type="INSTRUCTION" missed="0" covered="5"/><counter type="LINE" missed="0" covered="2"/><counter type="COMPLEXITY" missed="0" covered="1"/><counter type="METHOD" missed="0" covered="1"/></method><method name="toArray" desc="([DZ)V" line="967"><counter type="INSTRUCTION" missed="5" covered="52"/><counter type="BRANCH" missed="1" covered="7"/><counter type="LINE" missed="1" covered="10"/><counter type="COMPLEXITY" missed="1" covered="4"/><counter type="METHOD" missed="0" covered="1"/></method><method name="getBuffer" desc="()[D" line="994"><counter type="INSTRUCTION" missed="0" covered="3"/><counter type="LINE" missed="0" covered="1"/><counter type="COMPLEXITY" missed="0" covered="1"/><counter type="METHOD" missed="0" covered="1"/></method><method name="getSubmatrix" desc="(IIIILcom/irurueta/algebra/Matrix;)V" line="1014"><counter type="INSTRUCTION" missed="5" covered="63"/><counter type="BRANCH" missed="11" covered="13"/><counter type="LINE" missed="2" covered="8"/><counter type="COMPLEXITY" missed="11" covered="2"/><counter type="METHOD" missed="0" covered="1"/></method><method name="getSubmatrix" desc="(IIII)Lcom/irurueta/algebra/Matrix;" line="1053"><counter type="INSTRUCTION" missed="6" covered="58"/><counter type="BRANCH" missed="4" covered="16"/><counter type="LINE" missed="2" covered="6"/><counter type="COMPLEXITY" missed="4" covered="7"/><counter type="METHOD" missed="0" covered="1"/></method><method name="getSubmatrixAsArray" desc="(IIII[D)V" line="1096"><counter type="INSTRUCTION" missed="8" covered="55"/><counter type="BRANCH" missed="11" covered="11"/><counter type="LINE" missed="2" covered="5"/><counter type="COMPLEXITY" missed="11" covered="1"/><counter type="METHOD" missed="0" covered="1"/></method><method name="getSubmatrixAsArray" desc="(IIIIZ[D)V" line="1139"><counter type="INSTRUCTION" missed="8" covered="55"/><counter type="BRANCH" missed="11" covered="11"/><counter type="LINE" missed="2" covered="5"/><counter type="COMPLEXITY" missed="11" covered="1"/><counter type="METHOD" missed="0" covered="1"/></method><method name="getSubmatrixAsArray" desc="(IIII)[D" line="1175"><counter type="INSTRUCTION" missed="0" covered="8"/><counter type="LINE" missed="0" covered="1"/><counter type="COMPLEXITY" missed="0" covered="1"/><counter type="METHOD" missed="0" covered="1"/></method><method name="getSubmatrixAsArray" desc="(IIIIZ)[D" line="1199"><counter type="INSTRUCTION" missed="0" covered="59"/><counter type="BRANCH" missed="4" covered="16"/><counter type="LINE" missed="0" covered="6"/><counter type="COMPLEXITY" missed="4" covered="7"/><counter type="METHOD" missed="0" covered="1"/></method><method name="setSubmatrix" desc="(IIIILcom/irurueta/algebra/Matrix;)V" line="1234"><counter type="INSTRUCTION" missed="0" covered="18"/><counter type="LINE" missed="0" covered="4"/><counter type="COMPLEXITY" missed="0" covered="1"/><counter type="METHOD" missed="0" covered="1"/></method><method name="setSubmatrix" desc="(IIIILcom/irurueta/algebra/Matrix;IIII)V" line="1268"><counter type="INSTRUCTION" missed="0" covered="136"/><counter type="BRANCH" missed="0" covered="44"/><counter type="LINE" missed="0" covered="20"/><counter type="COMPLEXITY" missed="0" covered="23"/><counter type="METHOD" missed="0" covered="1"/></method><method name="setSubmatrix" desc="(IIIID)V" line="1326"><counter type="INSTRUCTION" missed="0" covered="59"/><counter type="BRANCH" missed="0" covered="24"/><counter type="LINE" missed="0" covered="6"/><counter type="COMPLEXITY" missed="0" covered="13"/><counter type="METHOD" missed="0" covered="1"/></method><method name="setSubmatrix" desc="(IIII[D)V" line="1360"><counter type="INSTRUCTION" missed="0" covered="9"/><counter type="LINE" missed="0" covered="2"/><counter type="COMPLEXITY" missed="0" covered="1"/><counter type="METHOD" missed="0" covered="1"/></method><method name="setSubmatrix" desc="(IIII[DZ)V" line="1384"><counter type="INSTRUCTION" missed="0" covered="14"/><counter type="LINE" missed="0" covered="2"/><counter type="COMPLEXITY" missed="0" covered="1"/><counter type="METHOD" missed="0" covered="1"/></method><method name="setSubmatrix" desc="(IIII[DII)V" line="1411"><counter type="INSTRUCTION" missed="0" covered="11"/><counter type="LINE" missed="0" covered="2"/><counter type="COMPLEXITY" missed="0" covered="1"/><counter type="METHOD" missed="0" covered="1"/></method><method name="setSubmatrix" desc="(IIII[DIIZ)V" line="1443"><counter type="INSTRUCTION" missed="0" covered="141"/><counter type="BRANCH" missed="3" covered="37"/><counter type="LINE" missed="0" covered="23"/><counter type="COMPLEXITY" missed="3" covered="18"/><counter type="METHOD" missed="0" covered="1"/></method><method name="identity" desc="(Lcom/irurueta/algebra/Matrix;)V" line="1497"><counter type="INSTRUCTION" missed="0" covered="27"/><counter type="BRANCH" missed="0" covered="2"/><counter type="LINE" missed="0" covered="5"/><counter type="COMPLEXITY" missed="0" covered="2"/><counter type="METHOD" missed="0" covered="1"/></method><method name="identity" desc="(II)Lcom/irurueta/algebra/Matrix;" line="1518"><counter type="INSTRUCTION" missed="0" covered="10"/><counter type="LINE" missed="0" covered="3"/><counter type="COMPLEXITY" missed="0" covered="1"/><counter type="METHOD" missed="0" covered="1"/></method><method name="fillWithUniformRandomValues" desc="(DDLjava/util/Random;Lcom/irurueta/algebra/Matrix;)V" line="1537"><counter type="INSTRUCTION" missed="0" covered="27"/><counter type="BRANCH" missed="0" covered="2"/><counter type="LINE" missed="0" covered="5"/><counter type="COMPLEXITY" missed="0" covered="2"/><counter type="METHOD" missed="0" covered="1"/></method><method name="fillWithUniformRandomValues" desc="(DDLcom/irurueta/algebra/Matrix;)V" line="1558"><counter type="INSTRUCTION" missed="0" covered="8"/><counter type="LINE" missed="0" covered="2"/><counter type="COMPLEXITY" missed="0" covered="1"/><counter type="METHOD" missed="0" covered="1"/></method><method name="createWithUniformRandomValues" desc="(IIDD)Lcom/irurueta/algebra/Matrix;" line="1578"><counter type="INSTRUCTION" missed="0" covered="9"/><counter type="LINE" missed="0" covered="1"/><counter type="COMPLEXITY" missed="0" covered="1"/><counter type="METHOD" missed="0" covered="1"/></method><method name="createWithUniformRandomValues" desc="(IIDDLjava/util/Random;)Lcom/irurueta/algebra/Matrix;" line="1602"><counter type="INSTRUCTION" missed="0" covered="13"/><counter type="LINE" missed="0" covered="3"/><counter type="COMPLEXITY" missed="0" covered="1"/><counter type="METHOD" missed="0" covered="1"/></method><method name="fillWithGaussianRandomValues" desc="(DDLjava/util/Random;Lcom/irurueta/algebra/Matrix;)V" line="1622"><counter type="INSTRUCTION" missed="0" covered="27"/><counter type="BRANCH" missed="0" covered="2"/><counter type="LINE" missed="0" covered="5"/><counter type="COMPLEXITY" missed="0" covered="2"/><counter type="METHOD" missed="0" covered="1"/></method><method name="fillWithGaussianRandomValues" desc="(DDLcom/irurueta/algebra/Matrix;)V" line="1645"><counter type="INSTRUCTION" missed="0" covered="8"/><counter type="LINE" missed="0" covered="2"/><counter type="COMPLEXITY" missed="0" covered="1"/><counter type="METHOD" missed="0" covered="1"/></method><method name="createWithGaussianRandomValues" desc="(IIDD)Lcom/irurueta/algebra/Matrix;" line="1668"><counter type="INSTRUCTION" missed="0" covered="9"/><counter type="LINE" missed="0" covered="1"/><counter type="COMPLEXITY" missed="0" covered="1"/><counter type="METHOD" missed="0" covered="1"/></method><method name="createWithGaussianRandomValues" desc="(IIDDLjava/util/Random;)Lcom/irurueta/algebra/Matrix;" line="1693"><counter type="INSTRUCTION" missed="0" covered="13"/><counter type="LINE" missed="0" covered="3"/><counter type="COMPLEXITY" missed="0" covered="1"/><counter type="METHOD" missed="0" covered="1"/></method><method name="diagonal" desc="([DLcom/irurueta/algebra/Matrix;)V" line="1710"><counter type="INSTRUCTION" missed="0" covered="24"/><counter type="BRANCH" missed="0" covered="2"/><counter type="LINE" missed="0" covered="4"/><counter type="COMPLEXITY" missed="0" covered="2"/><counter type="METHOD" missed="0" covered="1"/></method><method name="diagonal" desc="([D)Lcom/irurueta/algebra/Matrix;" line="1729"><counter type="INSTRUCTION" missed="1" covered="16"/><counter type="LINE" missed="1" covered="5"/><counter type="COMPLEXITY" missed="0" covered="1"/><counter type="METHOD" missed="0" covered="1"/></method><method name="newFromArray" desc="([D)Lcom/irurueta/algebra/Matrix;" line="1747"><counter type="INSTRUCTION" missed="0" covered="4"/><counter type="LINE" missed="0" covered="1"/><counter type="COMPLEXITY" missed="0" covered="1"/><counter type="METHOD" missed="0" covered="1"/></method><method name="newFromArray" desc="([DZ)Lcom/irurueta/algebra/Matrix;" line="1758"><counter type="INSTRUCTION" missed="1" covered="42"/><counter type="BRANCH" missed="0" covered="2"/><counter type="LINE" missed="1" covered="8"/><counter type="COMPLEXITY" missed="0" covered="2"/><counter type="METHOD" missed="0" covered="1"/></method><method name="fromArray" desc="([D)V" line="1781"><counter type="INSTRUCTION" missed="0" covered="5"/><counter type="LINE" missed="0" covered="2"/><counter type="COMPLEXITY" missed="0" covered="1"/><counter type="METHOD" missed="0" covered="1"/></method><method name="fromArray" desc="([DZ)V" line="1794"><counter type="INSTRUCTION" missed="0" covered="54"/><counter type="BRANCH" missed="0" covered="8"/><counter type="LINE" missed="0" covered="10"/><counter type="COMPLEXITY" missed="0" covered="5"/><counter type="METHOD" missed="0" covered="1"/></method><method name="symmetrize" desc="(Lcom/irurueta/algebra/Matrix;)V" line="1824"><counter type="INSTRUCTION" missed="0" covered="82"/><counter type="BRANCH" missed="1" covered="9"/><counter type="LINE" missed="0" covered="14"/><counter type="COMPLEXITY" missed="1" covered="5"/><counter type="METHOD" missed="0" covered="1"/></method><method name="symmetrizeAndReturnNew" desc="()Lcom/irurueta/algebra/Matrix;" line="1864"><counter type="INSTRUCTION" missed="0" covered="13"/><counter type="LINE" missed="0" covered="3"/><counter type="COMPLEXITY" missed="0" covered="1"/><counter type="METHOD" missed="0" covered="1"/></method><method name="symmetrize" desc="()V" line="1877"><counter type="INSTRUCTION" missed="0" covered="4"/><counter type="LINE" missed="0" covered="2"/><counter type="COMPLEXITY" missed="0" covered="1"/><counter type="METHOD" missed="0" covered="1"/></method><method name="internalAdd" desc="(Lcom/irurueta/algebra/Matrix;Lcom/irurueta/algebra/Matrix;)V" line="1887"><counter type="INSTRUCTION" missed="0" covered="27"/><counter type="BRANCH" missed="0" covered="2"/><counter type="LINE" missed="0" covered="4"/><counter type="COMPLEXITY" missed="0" covered="2"/><counter type="METHOD" missed="0" covered="1"/></method><method name="internalSubtract" desc="(Lcom/irurueta/algebra/Matrix;Lcom/irurueta/algebra/Matrix;)V" line="1900"><counter type="INSTRUCTION" missed="0" covered="27"/><counter type="BRANCH" missed="0" covered="2"/><counter type="LINE" missed="0" covered="4"/><counter type="COMPLEXITY" missed="0" covered="2"/><counter type="METHOD" missed="0" covered="1"/></method><method name="internalMultiply" desc="(Lcom/irurueta/algebra/Matrix;[D[I)V" line="1916"><counter type="INSTRUCTION" missed="0" covered="59"/><counter type="BRANCH" missed="0" covered="6"/><counter type="LINE" missed="0" covered="8"/><counter type="COMPLEXITY" missed="0" covered="4"/><counter type="METHOD" missed="0" covered="1"/></method><method name="internalMultiply" desc="(Lcom/irurueta/algebra/Matrix;Lcom/irurueta/algebra/Matrix;)V" line="1937"><counter type="INSTRUCTION" missed="0" covered="8"/><counter type="LINE" missed="0" covered="2"/><counter type="COMPLEXITY" missed="0" covered="1"/><counter type="METHOD" missed="0" covered="1"/></method><method name="internalMultiplyKronecker" desc="(Lcom/irurueta/algebra/Matrix;[D[I)V" line="1950"><counter type="INSTRUCTION" missed="0" covered="87"/><counter type="BRANCH" missed="0" covered="8"/><counter type="LINE" missed="0" covered="15"/><counter type="COMPLEXITY" missed="0" covered="5"/><counter type="METHOD" missed="0" covered="1"/></method><method name="internalMultiplyKronecker" desc="(Lcom/irurueta/algebra/Matrix;Lcom/irurueta/algebra/Matrix;)V" line="1981"><counter type="INSTRUCTION" missed="0" covered="8"/><counter type="LINE" missed="0" covered="2"/><counter type="COMPLEXITY" missed="0" covered="1"/><counter type="METHOD" missed="0" covered="1"/></method><method name="internalElementByElementProduct" desc="(Lcom/irurueta/algebra/Matrix;Lcom/irurueta/algebra/Matrix;)V" line="1991"><counter type="INSTRUCTION" missed="0" covered="27"/><counter type="BRANCH" missed="0" covered="2"/><counter type="LINE" missed="0" covered="4"/><counter type="COMPLEXITY" missed="0" covered="2"/><counter type="METHOD" missed="0" covered="1"/></method><method name="internalTranspose" desc="([D[I)V" line="2006"><counter type="INSTRUCTION" missed="0" covered="33"/><counter type="BRANCH" missed="0" covered="4"/><counter type="LINE" missed="0" covered="4"/><counter type="COMPLEXITY" missed="0" covered="3"/><counter type="METHOD" missed="0" covered="1"/></method><method name="internalTranspose" desc="(Lcom/irurueta/algebra/Matrix;)V" line="2020"><counter type="INSTRUCTION" missed="0" covered="7"/><counter type="LINE" missed="0" covered="2"/><counter type="COMPLEXITY" missed="0" covered="1"/><counter type="METHOD" missed="0" covered="1"/></method><method name="internalResize" desc="(II)V" line="2033"><counter type="INSTRUCTION" missed="0" covered="43"/><counter type="BRANCH" missed="0" covered="6"/><counter type="LINE" missed="0" covered="11"/><counter type="COMPLEXITY" missed="0" covered="4"/><counter type="METHOD" missed="0" covered="1"/></method><method name="internalGetSubmatrix" desc="(IIIILcom/irurueta/algebra/Matrix;)V" line="2067"><counter type="INSTRUCTION" missed="0" covered="41"/><counter type="BRANCH" missed="0" covered="4"/><counter type="LINE" missed="0" covered="9"/><counter type="COMPLEXITY" missed="0" covered="3"/><counter type="METHOD" missed="0" covered="1"/></method><method name="internalGetSubmatrixAsArray" desc="(IIIIZ[D)V" line="2099"><counter type="INSTRUCTION" missed="0" covered="60"/><counter type="BRANCH" missed="0" covered="10"/><counter type="LINE" missed="0" covered="11"/><counter type="COMPLEXITY" missed="0" covered="6"/><counter type="METHOD" missed="0" covered="1"/></method><counter type="INSTRUCTION" missed="93" covered="2483"/><counter type="BRANCH" missed="76" covered="328"/><counter type="LINE" missed="29" covered="459"/><counter type="COMPLEXITY" missed="74" covered="219"/><counter type="METHOD" missed="0" covered="91"/><counter type="CLASS" missed="0" covered="1"/></class><class name="com/irurueta/algebra/NormType" sourcefilename="NormType.java"><method name="&lt;clinit&gt;" desc="()V" line="22"><counter type="INSTRUCTION" missed="0" covered="34"/><counter type="LINE" missed="0" covered="4"/><counter type="COMPLEXITY" missed="0" covered="1"/><counter type="METHOD" missed="0" covered="1"/></method><counter type="INSTRUCTION" missed="0" covered="34"/><counter type="LINE" missed="0" covered="4"/><counter type="COMPLEXITY" missed="0" covered="1"/><counter type="METHOD" missed="0" covered="1"/><counter type="CLASS" missed="0" covered="1"/></class><class name="com/irurueta/algebra/Complex" sourcefilename="Complex.java"><method name="&lt;init&gt;" desc="()V" line="39"><counter type="INSTRUCTION" missed="0" covered="9"/><counter type="LINE" missed="0" covered="3"/><counter type="COMPLEXITY" missed="0" covered="1"/><counter type="METHOD" missed="0" covered="1"/></method><method name="&lt;init&gt;" desc="(D)V" line="49"><counter type="INSTRUCTION" missed="0" covered="9"/><counter type="LINE" missed="0" covered="4"/><counter type="COMPLEXITY" missed="0" covered="1"/><counter type="METHOD" missed="0" covered="1"/></method><method name="&lt;init&gt;" desc="(DD)V" line="60"><counter type="INSTRUCTION" missed="0" covered="9"/><counter type="LINE" missed="0" covered="4"/><counter type="COMPLEXITY" missed="0" covered="1"/><counter type="METHOD" missed="0" covered="1"/></method><method name="&lt;init&gt;" desc="(Lcom/irurueta/algebra/Complex;)V" line="70"><counter type="INSTRUCTION" missed="0" covered="11"/><counter type="LINE" missed="0" covered="4"/><counter type="COMPLEXITY" missed="0" covered="1"/><counter type="METHOD" missed="0" covered="1"/></method><method name="getReal" desc="()D" line="81"><counter type="INSTRUCTION" missed="0" covered="3"/><counter type="LINE" missed="0" covered="1"/><counter type="COMPLEXITY" missed="0" covered="1"/><counter type="METHOD" missed="0" covered="1"/></method><method name="setReal" desc="(D)V" line="90"><counter type="INSTRUCTION" missed="0" covered="4"/><counter type="LINE" missed="0" covered="2"/><counter type="COMPLEXITY" missed="0" covered="1"/><counter type="METHOD" missed="0" covered="1"/></method><method name="getImaginary" desc="()D" line="99"><counter type="INSTRUCTION" missed="0" covered="3"/><counter type="LINE" missed="0" covered="1"/><counter type="COMPLEXITY" missed="0" covered="1"/><counter type="METHOD" missed="0" covered="1"/></method><method name="setImaginary" desc="(D)V" line="108"><counter type="INSTRUCTION" missed="0" covered="4"/><counter type="LINE" missed="0" covered="2"/><counter type="COMPLEXITY" missed="0" covered="1"/><counter type="METHOD" missed="0" covered="1"/></method><method name="setRealAndImaginary" desc="(DD)V" line="118"><counter type="INSTRUCTION" missed="0" covered="7"/><counter type="LINE" missed="0" covered="3"/><counter type="COMPLEXITY" missed="0" covered="1"/><counter type="METHOD" missed="0" covered="1"/></method><method name="getModulus" desc="()D" line="129"><counter type="INSTRUCTION" missed="0" covered="13"/><counter type="LINE" missed="0" covered="1"/><counter type="COMPLEXITY" missed="0" covered="1"/><counter type="METHOD" missed="0" covered="1"/></method><method name="getPhase" desc="()D" line="140"><counter type="INSTRUCTION" missed="0" covered="6"/><counter type="LINE" missed="0" covered="1"/><counter type="COMPLEXITY" missed="0" covered="1"/><counter type="METHOD" missed="0" covered="1"/></method><method name="setModulusAndPhase" desc="(DD)V" line="150"><counter type="INSTRUCTION" missed="0" covered="13"/><counter type="LINE" missed="0" covered="3"/><counter type="COMPLEXITY" missed="0" covered="1"/><counter type="METHOD" missed="0" covered="1"/></method><method name="conjugate" desc="(Lcom/irurueta/algebra/Complex;)V" line="163"><counter type="INSTRUCTION" missed="0" covered="10"/><counter type="LINE" missed="0" covered="3"/><counter type="COMPLEXITY" missed="0" covered="1"/><counter type="METHOD" missed="0" covered="1"/></method><method name="conjugateAndReturnNew" desc="()Lcom/irurueta/algebra/Complex;" line="174"><counter type="INSTRUCTION" missed="0" covered="9"/><counter type="LINE" missed="0" covered="3"/><counter type="COMPLEXITY" missed="0" covered="1"/><counter type="METHOD" missed="0" covered="1"/></method><method name="conjugate" desc="()V" line="183"><counter type="INSTRUCTION" missed="0" covered="4"/><counter type="LINE" missed="0" covered="2"/><counter type="COMPLEXITY" missed="0" covered="1"/><counter type="METHOD" missed="0" covered="1"/></method><method name="add" desc="(Lcom/irurueta/algebra/Complex;Lcom/irurueta/algebra/Complex;)V" line="194"><counter type="INSTRUCTION" missed="0" covered="15"/><counter type="LINE" missed="0" covered="3"/><counter type="COMPLEXITY" missed="0" covered="1"/><counter type="METHOD" missed="0" covered="1"/></method><method name="addAndReturnNew" desc="(Lcom/irurueta/algebra/Complex;)Lcom/irurueta/algebra/Complex;" line="206"><counter type="INSTRUCTION" missed="0" covered="10"/><counter type="LINE" missed="0" covered="3"/><counter type="COMPLEXITY" missed="0" covered="1"/><counter type="METHOD" missed="0" covered="1"/></method><method name="add" desc="(Lcom/irurueta/algebra/Complex;)V" line="217"><counter type="INSTRUCTION" missed="0" covered="5"/><counter type="LINE" missed="0" covered="2"/><counter type="COMPLEXITY" missed="0" covered="1"/><counter type="METHOD" missed="0" covered="1"/></method><method name="subtract" desc="(Lcom/irurueta/algebra/Complex;Lcom/irurueta/algebra/Complex;)V" line="228"><counter type="INSTRUCTION" missed="0" covered="15"/><counter type="LINE" missed="0" covered="3"/><counter type="COMPLEXITY" missed="0" covered="1"/><counter type="METHOD" missed="0" covered="1"/></method><method name="subtractAndReturnNew" desc="(Lcom/irurueta/algebra/Complex;)Lcom/irurueta/algebra/Complex;" line="240"><counter type="INSTRUCTION" missed="0" covered="10"/><counter type="LINE" missed="0" covered="3"/><counter type="COMPLEXITY" missed="0" covered="1"/><counter type="METHOD" missed="0" covered="1"/></method><method name="subtract" desc="(Lcom/irurueta/algebra/Complex;)V" line="251"><counter type="INSTRUCTION" missed="0" covered="5"/><counter type="LINE" missed="0" covered="2"/><counter type="COMPLEXITY" missed="0" covered="1"/><counter type="METHOD" missed="0" covered="1"/></method><method name="multiply" desc="(Lcom/irurueta/algebra/Complex;Lcom/irurueta/algebra/Complex;)V" line="262"><counter type="INSTRUCTION" missed="0" covered="31"/><counter type="LINE" missed="0" covered="5"/><counter type="COMPLEXITY" missed="0" covered="1"/><counter type="METHOD" missed="0" covered="1"/></method><method name="multiplyAndReturnNew" desc="(Lcom/irurueta/algebra/Complex;)Lcom/irurueta/algebra/Complex;" line="278"><counter type="INSTRUCTION" missed="0" covered="10"/><counter type="LINE" missed="0" covered="3"/><counter type="COMPLEXITY" missed="0" covered="1"/><counter type="METHOD" missed="0" covered="1"/></method><method name="multiply" desc="(Lcom/irurueta/algebra/Complex;)V" line="289"><counter type="INSTRUCTION" missed="0" covered="5"/><counter type="LINE" missed="0" covered="2"/><counter type="COMPLEXITY" missed="0" covered="1"/><counter type="METHOD" missed="0" covered="1"/></method><method name="divide" desc="(Lcom/irurueta/algebra/Complex;Lcom/irurueta/algebra/Complex;)V" line="300"><counter type="INSTRUCTION" missed="0" covered="55"/><counter type="LINE" missed="0" covered="5"/><counter type="COMPLEXITY" missed="0" covered="1"/><counter type="METHOD" missed="0" covered="1"/></method><method name="divideAndReturnNew" desc="(Lcom/irurueta/algebra/Complex;)Lcom/irurueta/algebra/Complex;" line="320"><counter type="INSTRUCTION" missed="0" covered="10"/><counter type="LINE" missed="0" covered="3"/><counter type="COMPLEXITY" missed="0" covered="1"/><counter type="METHOD" missed="0" covered="1"/></method><method name="divide" desc="(Lcom/irurueta/algebra/Complex;)V" line="331"><counter type="INSTRUCTION" missed="0" covered="5"/><counter type="LINE" missed="0" covered="2"/><counter type="COMPLEXITY" missed="0" covered="1"/><counter type="METHOD" missed="0" covered="1"/></method><method name="multiplyByScalar" desc="(DLcom/irurueta/algebra/Complex;)V" line="343"><counter type="INSTRUCTION" missed="0" covered="13"/><counter type="LINE" missed="0" covered="3"/><counter type="COMPLEXITY" missed="0" covered="1"/><counter type="METHOD" missed="0" covered="1"/></method><method name="multiplyByScalarAndReturnNew" desc="(D)Lcom/irurueta/algebra/Complex;" line="356"><counter type="INSTRUCTION" missed="0" covered="10"/><counter type="LINE" missed="0" covered="3"/><counter type="COMPLEXITY" missed="0" covered="1"/><counter type="METHOD" missed="0" covered="1"/></method><method name="multiplyByScalar" desc="(D)V" line="367"><counter type="INSTRUCTION" missed="0" covered="5"/><counter type="LINE" missed="0" covered="2"/><counter type="COMPLEXITY" missed="0" covered="1"/><counter type="METHOD" missed="0" covered="1"/></method><method name="pow" desc="(DLcom/irurueta/algebra/Complex;)V" line="378"><counter type="INSTRUCTION" missed="0" covered="11"/><counter type="LINE" missed="0" covered="3"/><counter type="COMPLEXITY" missed="0" covered="1"/><counter type="METHOD" missed="0" covered="1"/></method><method name="powAndReturnNew" desc="(D)Lcom/irurueta/algebra/Complex;" line="390"><counter type="INSTRUCTION" missed="0" covered="10"/><counter type="LINE" missed="0" covered="3"/><counter type="COMPLEXITY" missed="0" covered="1"/><counter type="METHOD" missed="0" covered="1"/></method><method name="pow" desc="(D)V" line="401"><counter type="INSTRUCTION" missed="0" covered="5"/><counter type="LINE" missed="0" covered="2"/><counter type="COMPLEXITY" missed="0" covered="1"/><counter type="METHOD" missed="0" covered="1"/></method><method name="sqrt" desc="(Lcom/irurueta/algebra/Complex;)V" line="411"><counter type="INSTRUCTION" missed="0" covered="5"/><counter type="LINE" missed="0" covered="2"/><counter type="COMPLEXITY" missed="0" covered="1"/><counter type="METHOD" missed="0" covered="1"/></method><method name="sqrtAndReturnNew" desc="()Lcom/irurueta/algebra/Complex;" line="421"><counter type="INSTRUCTION" missed="0" covered="9"/><counter type="LINE" missed="0" covered="3"/><counter type="COMPLEXITY" missed="0" covered="1"/><counter type="METHOD" missed="0" covered="1"/></method><method name="sqrt" desc="()V" line="430"><counter type="INSTRUCTION" missed="0" covered="4"/><counter type="LINE" missed="0" covered="2"/><counter type="COMPLEXITY" missed="0" covered="1"/><counter type="METHOD" missed="0" covered="1"/></method><method name="equals" desc="(Ljava/lang/Object;)Z" line="443"><counter type="INSTRUCTION" missed="2" covered="20"/><counter type="BRANCH" missed="1" covered="5"/><counter type="LINE" missed="1" covered="7"/><counter type="COMPLEXITY" missed="1" covered="3"/><counter type="METHOD" missed="0" covered="1"/></method><method name="hashCode" desc="()I" line="464"><counter type="INSTRUCTION" missed="0" covered="16"/><counter type="LINE" missed="0" covered="1"/><counter type="COMPLEXITY" missed="0" covered="1"/><counter type="METHOD" missed="0" covered="1"/></method><method name="equals" desc="(Lcom/irurueta/algebra/Complex;D)Z" line="479"><counter type="INSTRUCTION" missed="1" covered="23"/><counter type="BRANCH" missed="1" covered="3"/><counter type="LINE" missed="0" covered="3"/><counter type="COMPLEXITY" missed="1" covered="2"/><counter type="METHOD" missed="0" covered="1"/></method><method name="clone" desc="()Lcom/irurueta/algebra/Complex;" line="493"><counter type="INSTRUCTION" missed="12" covered="0"/><counter type="LINE" missed="3" covered="0"/><counter type="COMPLEXITY" missed="1" covered="0"/><counter type="METHOD" missed="1" covered="0"/></method><method name="copyFrom" desc="(Lcom/irurueta/algebra/Complex;)V" line="504"><counter type="INSTRUCTION" missed="0" covered="9"/><counter type="LINE" missed="0" covered="3"/><counter type="COMPLEXITY" missed="0" covered="1"/><counter type="METHOD" missed="0" covered="1"/></method><counter type="INSTRUCTION" missed="15" covered="430"/><counter type="BRANCH" missed="2" covered="8"/><counter type="LINE" missed="4" covered="110"/><counter type="COMPLEXITY" missed="3" covered="43"/><counter type="METHOD" missed="1" covered="40"/><counter type="CLASS" missed="0" covered="1"/></class><class name="com/irurueta/algebra/NoConvergenceException" sourcefilename="NoConvergenceException.java"><method name="&lt;init&gt;" desc="()V" line="27"><counter type="INSTRUCTION" missed="0" covered="3"/><counter type="LINE" missed="0" covered="2"/><counter type="COMPLEXITY" missed="0" covered="1"/><counter type="METHOD" missed="0" covered="1"/></method><method name="&lt;init&gt;" desc="(Ljava/lang/String;)V" line="36"><counter type="INSTRUCTION" missed="0" covered="4"/><counter type="LINE" missed="0" covered="2"/><counter type="COMPLEXITY" missed="0" covered="1"/><counter type="METHOD" missed="0" covered="1"/></method><method name="&lt;init&gt;" desc="(Ljava/lang/String;Ljava/lang/Throwable;)V" line="46"><counter type="INSTRUCTION" missed="0" covered="5"/><counter type="LINE" missed="0" covered="2"/><counter type="COMPLEXITY" missed="0" covered="1"/><counter type="METHOD" missed="0" covered="1"/></method><method name="&lt;init&gt;" desc="(Ljava/lang/Throwable;)V" line="55"><counter type="INSTRUCTION" missed="0" covered="4"/><counter type="LINE" missed="0" covered="2"/><counter type="COMPLEXITY" missed="0" covered="1"/><counter type="METHOD" missed="0" covered="1"/></method><counter type="INSTRUCTION" missed="0" covered="16"/><counter type="LINE" missed="0" covered="8"/><counter type="COMPLEXITY" missed="0" covered="4"/><counter type="METHOD" missed="0" covered="4"/><counter type="CLASS" missed="0" covered="1"/></class><class name="com/irurueta/algebra/CholeskyDecomposer" sourcefilename="CholeskyDecomposer.java"><method name="&lt;init&gt;" desc="()V" line="43"><counter type="INSTRUCTION" missed="0" covered="9"/><counter type="LINE" missed="0" covered="4"/><counter type="COMPLEXITY" missed="0" covered="1"/><counter type="METHOD" missed="0" covered="1"/></method><method name="&lt;init&gt;" desc="(Lcom/irurueta/algebra/Matrix;)V" line="54"><counter type="INSTRUCTION" missed="0" covered="10"/><counter type="LINE" missed="0" covered="4"/><counter type="COMPLEXITY" missed="0" covered="1"/><counter type="METHOD" missed="0" covered="1"/></method><method name="getDecomposerType" desc="()Lcom/irurueta/algebra/DecomposerType;" line="66"><counter type="INSTRUCTION" missed="0" covered="2"/><counter type="LINE" missed="0" covered="1"/><counter type="COMPLEXITY" missed="0" covered="1"/><counter type="METHOD" missed="0" covered="1"/></method><method name="setInputMatrix" desc="(Lcom/irurueta/algebra/Matrix;)V" line="78"><counter type="INSTRUCTION" missed="0" covered="10"/><counter type="LINE" missed="0" covered="4"/><counter type="COMPLEXITY" missed="0" covered="1"/><counter type="METHOD" missed="0" covered="1"/></method><method name="isDecompositionAvailable" desc="()Z" line="95"><counter type="INSTRUCTION" missed="0" covered="7"/><counter type="BRANCH" missed="0" covered="2"/><counter type="LINE" missed="0" covered="1"/><counter type="COMPLEXITY" missed="0" covered="2"/><counter type="METHOD" missed="0" covered="1"/></method><method name="decompose" desc="()V" line="133"><counter type="INSTRUCTION" missed="10" covered="164"/><counter type="BRANCH" missed="1" covered="17"/><counter type="LINE" missed="3" covered="32"/><counter type="COMPLEXITY" missed="1" covered="9"/><counter type="METHOD" missed="0" covered="1"/></method><method name="getL" desc="()Lcom/irurueta/algebra/Matrix;" line="204"><counter type="INSTRUCTION" missed="0" covered="11"/><counter type="BRANCH" missed="0" covered="2"/><counter type="LINE" missed="0" covered="3"/><counter type="COMPLEXITY" missed="0" covered="2"/><counter type="METHOD" missed="0" covered="1"/></method><method name="getR" desc="()Lcom/irurueta/algebra/Matrix;" line="224"><counter type="INSTRUCTION" missed="0" covered="10"/><counter type="BRANCH" missed="0" covered="2"/><counter type="LINE" missed="0" covered="3"/><counter type="COMPLEXITY" missed="0" covered="2"/><counter type="METHOD" missed="0" covered="1"/></method><method name="isSPD" desc="()Z" line="246"><counter type="INSTRUCTION" missed="0" covered="10"/><counter type="BRANCH" missed="0" covered="2"/><counter type="LINE" missed="0" covered="3"/><counter type="COMPLEXITY" missed="0" covered="2"/><counter type="METHOD" missed="0" covered="1"/></method><method name="solve" desc="(Lcom/irurueta/algebra/Matrix;Lcom/irurueta/algebra/Matrix;)V" line="284"><counter type="INSTRUCTION" missed="4" covered="159"/><counter type="BRANCH" missed="2" covered="20"/><counter type="LINE" missed="1" covered="29"/><counter type="COMPLEXITY" missed="2" covered="10"/><counter type="METHOD" missed="0" covered="1"/></method><method name="solve" desc="(Lcom/irurueta/algebra/Matrix;)Lcom/irurueta/algebra/Matrix;" line="367"><counter type="INSTRUCTION" missed="0" covered="19"/><counter type="LINE" missed="0" covered="5"/><counter type="COMPLEXITY" missed="0" covered="1"/><counter type="METHOD" missed="0" covered="1"/></method><counter type="INSTRUCTION" missed="14" covered="411"/><counter type="BRANCH" missed="3" covered="45"/><counter type="LINE" missed="4" covered="89"/><counter type="COMPLEXITY" missed="3" covered="32"/><counter type="METHOD" missed="0" covered="11"/><counter type="CLASS" missed="0" covered="1"/></class><class name="com/irurueta/algebra/OneNormComputer" sourcefilename="OneNormComputer.java"><method name="&lt;init&gt;" desc="()V" line="30"><counter type="INSTRUCTION" missed="0" covered="3"/><counter type="LINE" missed="0" covered="2"/><counter type="COMPLEXITY" missed="0" covered="1"/><counter type="METHOD" missed="0" covered="1"/></method><method name="getNormType" desc="()Lcom/irurueta/algebra/NormType;" line="40"><counter type="INSTRUCTION" missed="0" covered="2"/><counter type="LINE" missed="0" covered="1"/><counter type="COMPLEXITY" missed="0" covered="1"/><counter type="METHOD" missed="0" covered="1"/></method><method name="norm" desc="(Lcom/irurueta/algebra/Matrix;)D" line="51"><counter type="INSTRUCTION" missed="0" covered="38"/><counter type="BRANCH" missed="0" covered="4"/><counter type="LINE" missed="0" covered="9"/><counter type="COMPLEXITY" missed="0" covered="3"/><counter type="METHOD" missed="0" covered="1"/></method><method name="getNorm" desc="(Lcom/irurueta/algebra/Matrix;)D" line="76"><counter type="INSTRUCTION" missed="0" covered="3"/><counter type="LINE" missed="0" covered="1"/><counter type="COMPLEXITY" missed="0" covered="1"/><counter type="METHOD" missed="0" covered="1"/></method><method name="norm" desc="([D)D" line="86"><counter type="INSTRUCTION" missed="0" covered="25"/><counter type="BRANCH" missed="0" covered="2"/><counter type="LINE" missed="0" covered="4"/><counter type="COMPLEXITY" missed="0" covered="2"/><counter type="METHOD" missed="0" covered="1"/></method><method name="norm" desc="([DLcom/irurueta/algebra/Matrix;)D" line="108"><counter type="INSTRUCTION" missed="0" covered="39"/><counter type="BRANCH" missed="3" covered="7"/><counter type="LINE" missed="0" covered="10"/><counter type="COMPLEXITY" missed="3" covered="3"/><counter type="METHOD" missed="0" covered="1"/></method><method name="getNorm" desc="([D)D" line="136"><counter type="INSTRUCTION" missed="0" covered="3"/><counter type="LINE" missed="0" covered="1"/><counter type="COMPLEXITY" missed="0" covered="1"/><counter type="METHOD" missed="0" covered="1"/></method><counter type="INSTRUCTION" missed="0" covered="113"/><counter type="BRANCH" missed="3" covered="13"/><counter type="LINE" missed="0" covered="28"/><counter type="COMPLEXITY" missed="3" covered="12"/><counter type="METHOD" missed="0" covered="7"/><counter type="CLASS" missed="0" covered="1"/></class><class name="com/irurueta/algebra/FrobeniusNormComputer" sourcefilename="FrobeniusNormComputer.java"><method name="&lt;init&gt;" desc="()V" line="27"><counter type="INSTRUCTION" missed="0" covered="3"/><counter type="LINE" missed="0" covered="2"/><counter type="COMPLEXITY" missed="0" covered="1"/><counter type="METHOD" missed="0" covered="1"/></method><method name="getNormType" desc="()Lcom/irurueta/algebra/NormType;" line="37"><counter type="INSTRUCTION" missed="0" covered="2"/><counter type="LINE" missed="0" covered="1"/><counter type="COMPLEXITY" missed="0" covered="1"/><counter type="METHOD" missed="0" covered="1"/></method><method name="norm" desc="(Lcom/irurueta/algebra/Matrix;)D" line="47"><counter type="INSTRUCTION" missed="0" covered="32"/><counter type="BRANCH" missed="0" covered="2"/><counter type="LINE" missed="0" covered="8"/><counter type="COMPLEXIT
[...]
"/><line nr="443" mi="0" ci="6" mb="0" cb="0"/><line nr="446" mi="0" ci="4" mb="0" cb="0"/><line nr="447" mi="0" ci="1" mb="0" cb="0"/><line nr="466" mi="0" ci="5" mb="0" cb="2"/><line nr="467" mi="0" ci="4" mb="0" cb="0"/><line nr="470" mi="0" ci="8" mb="0" cb="0"/><line nr="471" mi="0" ci="4" mb="0" cb="0"/><line nr="472" mi="0" ci="2" mb="0" cb="0"/><line nr="489" mi="0" ci="5" mb="0" cb="2"/><line nr="490" mi="0" ci="4" mb="0" cb="0"/><line nr="494" mi="0" ci="7" mb="0" cb="0"/><line nr="495" mi="0" ci="4" mb="0" cb="0"/><line nr="496" mi="0" ci="2" mb="0" cb="0"/><line nr="497" mi="0" ci="8" mb="0" cb="2"/><line nr="498" mi="0" ci="4" mb="0" cb="0"/><line nr="499" mi="0" ci="5" mb="0" cb="0"/><line nr="502" mi="0" ci="5" mb="0" cb="0"/><line nr="504" mi="0" ci="4" mb="0" cb="0"/><line nr="505" mi="0" ci="3" mb="0" cb="0"/><line nr="506" mi="0" ci="3" mb="0" cb="0"/><line nr="507" mi="0" ci="1" mb="0" cb="0"/><line nr="519" mi="0" ci="6" mb="0" cb="0"/><line nr="520" mi="0" ci="6" mb="0" cb="0"/><line nr="521" mi="4" ci="4" mb="3" cb="1"/><line nr="523" mi="0" ci="4" mb="0" cb="0"/><line nr="524" mi="1" ci="0" mb="0" cb="0"/><line nr="526" mi="0" ci="1" mb="0" cb="0"/><line nr="529" mi="0" ci="4" mb="0" cb="0"/><line nr="530" mi="0" ci="1" mb="0" cb="0"/><line nr="542" mi="0" ci="2" mb="0" cb="0"/><line nr="544" mi="0" ci="14" mb="0" cb="0"/><line nr="545" mi="0" ci="4" mb="0" cb="0"/><line nr="546" mi="1" ci="0" mb="0" cb="0"/><line nr="548" mi="0" ci="1" mb="0" cb="0"/><line nr="549" mi="0" ci="2" mb="0" cb="0"/><line nr="563" mi="0" ci="6" mb="0" cb="0"/><line nr="564" mi="0" ci="6" mb="0" cb="0"/><line nr="565" mi="0" ci="5" mb="0" cb="0"/><line nr="566" mi="0" ci="3" mb="0" cb="0"/><line nr="567" mi="0" ci="2" mb="0" cb="0"/><line nr="568" mi="0" ci="7" mb="0" cb="2"/><line nr="569" mi="0" ci="4" mb="0" cb="0"/><line nr="570" mi="0" ci="4" mb="0" cb="0"/><line nr="573" mi="0" ci="5" mb="0" cb="0"/><line nr="575" mi="0" ci="3" mb="0" cb="0"/><line nr="576" mi="0" ci="3" mb="0" cb="0"/><line nr="577" mi="0" ci="3" mb="0" cb="0"/><line nr="578" mi="0" ci="3" mb="0" cb="0"/><line nr="579" mi="0" ci="1" mb="0" cb="0"/><line nr="591" mi="0" ci="6" mb="0" cb="0"/><line nr="592" mi="0" ci="7" mb="0" cb="2"/><line nr="593" mi="0" ci="10" mb="0" cb="0"/><line nr="595" mi="0" ci="1" mb="0" cb="0"/><line nr="606" mi="0" ci="2" mb="0" cb="0"/><line nr="608" mi="0" ci="8" mb="0" cb="0"/><line nr="609" mi="0" ci="4" mb="0" cb="0"/><line nr="610" mi="1" ci="0" mb="0" cb="0"/><line nr="612" mi="0" ci="1" mb="0" cb="0"/><line nr="613" mi="0" ci="2" mb="0" cb="0"/><line nr="623" mi="0" ci="4" mb="0" cb="0"/><line nr="624" mi="0" ci="1" mb="0" cb="0"/><line nr="635" mi="0" ci="2" mb="1" cb="1"/><line nr="636" mi="2" ci="0" mb="0" cb="0"/><line nr="638" mi="0" ci="3" mb="0" cb="2"/><line nr="639" mi="0" ci="2" mb="0" cb="0"/><line nr="641" mi="0" ci="3" mb="0" cb="2"/><line nr="642" mi="0" ci="2" mb="0" cb="0"/><line nr="645" mi="0" ci="3" mb="0" cb="0"/><line nr="646" mi="0" ci="4" mb="0" cb="0"/><line nr="658" mi="0" ci="20" mb="0" cb="0"/><line nr="659" mi="0" ci="10" mb="0" cb="0"/><line nr="671" mi="0" ci="5" mb="0" cb="0"/><line nr="686" mi="0" ci="2" mb="0" cb="2"/><line nr="687" mi="0" ci="2" mb="0" cb="0"/><line nr="689" mi="0" ci="5" mb="0" cb="2"/><line nr="690" mi="0" ci="2" mb="0" cb="0"/><line nr="692" mi="0" ci="5" mb="1" cb="1"/><line nr="693" mi="2" ci="0" mb="0" cb="0"/><line nr="697" mi="0" ci="6" mb="0" cb="0"/><line nr="698" mi="0" ci="7" mb="0" cb="2"/><line nr="699" mi="0" ci="13" mb="0" cb="2"/><line nr="700" mi="0" ci="2" mb="0" cb="0"/><line nr="703" mi="0" ci="2" mb="0" cb="0"/><line nr="720" mi="0" ci="10" mb="2" cb="2"/><line nr="721" mi="4" ci="0" mb="0" cb="0"/><line nr="725" mi="0" ci="10" mb="2" cb="2"/><line nr="726" mi="6" ci="0" mb="0" cb="0"/><line nr="729" mi="0" ci="4" mb="0" cb="0"/><line nr="730" mi="0" ci="1" mb="0" cb="0"/><line nr="757" mi="0" ci="10" mb="1" cb="3"/><line nr="758" mi="0" ci="4" mb="0" cb="0"/><line nr="761" mi="0" ci="8" mb="0" cb="0"/><line nr="762" mi="0" ci="4" mb="0" cb="0"/><line nr="763" mi="0" ci="2" mb="0" cb="0"/><line nr="790" mi="0" ci="10" mb="1" cb="3"/><line nr="791" mi="0" ci="4" mb="0" cb="0"/><line nr="794" mi="0" ci="4" mb="0" cb="0"/><line nr="795" mi="0" ci="1" mb="0" cb="0"/><line nr="805" mi="5" ci="5" mb="3" cb="1"/><line nr="807" mi="0" ci="6" mb="0" cb="0"/><line nr="808" mi="1" ci="0" mb="0" cb="0"/><line nr="810" mi="0" ci="1" mb="0" cb="0"/><line nr="812" mi="0" ci="3" mb="0" cb="0"/><line nr="813" mi="0" ci="1" mb="0" cb="0"/><line nr="825" mi="0" ci="2" mb="0" cb="0"/><line nr="827" mi="0" ci="8" mb="0" cb="0"/><line nr="828" mi="0" ci="3" mb="0" cb="0"/><line nr="829" mi="1" ci="0" mb="0" cb="0"/><line nr="831" mi="0" ci="1" mb="0" cb="0"/><line nr="832" mi="0" ci="2" mb="0" cb="0"/><line nr="844" mi="0" ci="7" mb="0" cb="0"/><line nr="845" mi="0" ci="4" mb="0" cb="0"/><line nr="846" mi="0" ci="2" mb="0" cb="0"/><line nr="847" mi="0" ci="8" mb="0" cb="2"/><line nr="848" mi="0" ci="4" mb="0" cb="0"/><line nr="849" mi="0" ci="5" mb="0" cb="0"/><line nr="851" mi="0" ci="4" mb="0" cb="0"/><line nr="856" mi="0" ci="3" mb="0" cb="0"/><line nr="857" mi="0" ci="4" mb="0" cb="0"/><line nr="858" mi="0" ci="3" mb="0" cb="0"/><line nr="860" mi="0" ci="3" mb="0" cb="0"/><line nr="861" mi="0" ci="3" mb="0" cb="0"/><line nr="862" mi="0" ci="1" mb="0" cb="0"/><line nr="871" mi="0" ci="4" mb="0" cb="0"/><line nr="872" mi="0" ci="1" mb="0" cb="0"/><line nr="884" mi="0" ci="4" mb="0" cb="0"/><line nr="885" mi="0" ci="1" mb="0" cb="0"/><line nr="899" mi="0" ci="4" mb="0" cb="0"/><line nr="900" mi="0" ci="3" mb="0" cb="0"/><line nr="901" mi="0" ci="1" mb="0" cb="0"/><line nr="910" mi="0" ci="4" mb="0" cb="0"/><line nr="922" mi="0" ci="6" mb="0" cb="0"/><line nr="924" mi="0" ci="2" mb="0" cb="2"/><line nr="925" mi="0" ci="5" mb="0" cb="0"/><line nr="927" mi="0" ci="3" mb="0" cb="0"/><line nr="929" mi="0" ci="2" mb="0" cb="0"/><line nr="931" mi="0" ci="8" mb="0" cb="2"/><line nr="932" mi="0" ci="8" mb="0" cb="2"/><line nr="933" mi="0" ci="10" mb="0" cb="0"/><line nr="934" mi="0" ci="4" mb="0" cb="0"/><line nr="935" mi="0" ci="1" mb="0" cb="0"/><line nr="939" mi="0" ci="2" mb="0" cb="0"/><line nr="952" mi="0" ci="4" mb="0" cb="0"/><line nr="953" mi="0" ci="1" mb="0" cb="0"/><line nr="967" mi="0" ci="6" mb="1" cb="1"/><line nr="968" mi="5" ci="0" mb="0" cb="0"/><line nr="972" mi="0" ci="2" mb="0" cb="2"/><line nr="973" mi="0" ci="10" mb="0" cb="0"/><line nr="976" mi="0" ci="2" mb="0" cb="0"/><line nr="978" mi="0" ci="8" mb="0" cb="2"/><line nr="979" mi="0" ci="8" mb="0" cb="2"/><line nr="980" mi="0" ci="10" mb="0" cb="0"/><line nr="981" mi="0" ci="4" mb="0" cb="0"/><line nr="982" mi="0" ci="1" mb="0" cb="0"/><line nr="986" mi="0" ci="1" mb="0" cb="0"/><line nr="994" mi="0" ci="3" mb="0" cb="0"/><line nr="1014" mi="0" ci="30" mb="10" cb="10"/><line nr="1020" mi="4" ci="0" mb="0" cb="0"/><line nr="1023" mi="0" ci="6" mb="0" cb="0"/><line nr="1024" mi="0" ci="6" mb="0" cb="0"/><line nr="1025" mi="0" ci="8" mb="1" cb="3"/><line nr="1028" mi="0" ci="4" mb="0" cb="0"/><line nr="1029" mi="1" ci="0" mb="0" cb="0"/><line nr="1031" mi="0" ci="1" mb="0" cb="0"/><line nr="1033" mi="0" ci="7" mb="0" cb="0"/><line nr="1035" mi="0" ci="1" mb="0" cb="0"/><line nr="1053" mi="0" ci="30" mb="4" cb="16"/><line nr="1059" mi="0" ci="4" mb="0" cb="0"/><line nr="1064" mi="0" ci="14" mb="0" cb="0"/><line nr="1066" mi="1" ci="0" mb="0" cb="0"/><line nr="1067" mi="5" ci="0" mb="0" cb="0"/><line nr="1068" mi="0" ci="1" mb="0" cb="0"/><line nr="1069" mi="0" ci="7" mb="0" cb="0"/><line nr="1071" mi="0" ci="2" mb="0" cb="0"/><line nr="1096" mi="0" ci="30" mb="10" cb="10"/><line nr="1102" mi="4" ci="0" mb="0" cb="0"/><line nr="1105" mi="0" ci="12" mb="0" cb="0"/><line nr="1107" mi="0" ci="4" mb="1" cb="1"/><line nr="1108" mi="4" ci="0" mb="0" cb="0"/><line nr="1111" mi="0" ci="8" mb="0" cb="0"/><line nr="1113" mi="0" ci="1" mb="0" cb="0"/><line nr="1139" mi="0" ci="30" mb="10" cb="10"/><line nr="1145" mi="4" ci="0" mb="0" cb="0"/><line nr="1148" mi="0" ci="12" mb="0" cb="0"/><line nr="1150" mi="0" ci="4" mb="1" cb="1"/><line nr="1151" mi="4" ci="0" mb="0" cb="0"/><line nr="1154" mi="0" ci="8" mb="0" cb="0"/><line nr="1156" mi="0" ci="1" mb="0" cb="0"/><line nr="1175" mi="0" ci="8" mb="0" cb="0"/><line nr="1199" mi="0" ci="30" mb="4" cb="16"/><line nr="1205" mi="0" ci="4" mb="0" cb="0"/><line nr="1208" mi="0" ci="12" mb="0" cb="0"/><line nr="1211" mi="0" ci="3" mb="0" cb="0"/><line nr="1212" mi="0" ci="8" mb="0" cb="0"/><line nr="1214" mi="0" ci="2" mb="0" cb="0"/><line nr="1234" mi="0" ci="10" mb="0" cb="0"/><line nr="1236" mi="0" ci="4" mb="0" cb="0"/><line nr="1237" mi="0" ci="3" mb="0" cb="0"/><line nr="1238" mi="0" ci="1" mb="0" cb="0"/><line nr="1268" mi="0" ci="30" mb="0" cb="20"/><line nr="1274" mi="0" ci="4" mb="0" cb="0"/><line nr="1277" mi="0" ci="22" mb="0" cb="16"/><line nr="1284" mi="0" ci="4" mb="0" cb="0"/><line nr="1287" mi="0" ci="6" mb="0" cb="0"/><line nr="1288" mi="0" ci="6" mb="0" cb="0"/><line nr="1289" mi="0" ci="6" mb="0" cb="0"/><line nr="1290" mi="0" ci="6" mb="0" cb="0"/><line nr="1292" mi="0" ci="6" mb="0" cb="4"/><line nr="1293" mi="0" ci="4" mb="0" cb="0"/><line nr="1296" mi="0" ci="2" mb="0" cb="0"/><line nr="1299" mi="0" ci="7" mb="0" cb="2"/><line nr="1300" mi="0" ci="7" mb="0" cb="0"/><line nr="1301" mi="0" ci="7" mb="0" cb="0"/><line nr="1302" mi="0" ci="7" mb="0" cb="2"/><line nr="1304" mi="0" ci="8" mb="0" cb="0"/><line nr="1305" mi="0" ci="1" mb="0" cb="0"/><line nr="1306" mi="0" ci="1" mb="0" cb="0"/><line nr="1308" mi="0" ci="1" mb="0" cb="0"/><line nr="1310" mi="0" ci="1" mb="0" cb="0"/><line nr="1326" mi="0" ci="30" mb="0" cb="20"/><line nr="1332" mi="0" ci="4" mb="0" cb="0"/><line nr="1335" mi="0" ci="7" mb="0" cb="2"/><line nr="1336" mi="0" ci="7" mb="0" cb="2"/><line nr="1337" mi="0" ci="10" mb="0" cb="0"/><line nr="1340" mi="0" ci="1" mb="0" cb="0"/><line nr="1360" mi="0" ci="8" mb="0" cb="0"/><line nr="1362" mi="0" ci="1" mb="0" cb="0"/><line nr="1384" mi="0" ci="13" mb="0" cb="0"/><line nr="1386" mi="0" ci="1" mb="0" cb="0"/><line nr="1411" mi="0" ci="10" mb="0" cb="0"/><line nr="1414" mi="0" ci="1" mb="0" cb="0"/><line nr="1443" mi="0" ci="30" mb="0" cb="20"/><line nr="1449" mi="0" ci="4" mb="0" cb="0"/><line nr="1452" mi="0" ci="11" mb="3" cb="5"/><line nr="1454" mi="0" ci="4" mb="0" cb="0"/><line nr="1457" mi="0" ci="6" mb="0" cb="0"/><line nr="1458" mi="0" ci="6" mb="0" cb="0"/><line nr="1459" mi="0" ci="4" mb="0" cb="0"/><line nr="1460" mi="0" ci="6" mb="0" cb="0"/><line nr="1462" mi="0" ci="3" mb="0" cb="2"/><line nr="1463" mi="0" ci="4" mb="0" cb="0"/><line nr="1466" mi="0" ci="2" mb="0" cb="0"/><line nr="1467" mi="0" ci="2" mb="0" cb="2"/><line nr="1469" mi="0" ci="8" mb="0" cb="2"/><line nr="1470" mi="0" ci="7" mb="0" cb="0"/><line nr="1471" mi="0" ci="7" mb="0" cb="2"/><line nr="1474" mi="0" ci="7" mb="0" cb="0"/><line nr="1475" mi="0" ci="1" mb="0" cb="0"/><line nr="1476" mi="0" ci="1" mb="0" cb="0"/><line nr="1481" mi="0" ci="7" mb="0" cb="2"/><line nr="1482" mi="0" ci="7" mb="0" cb="2"/><line nr="1483" mi="0" ci="12" mb="0" cb="0"/><line nr="1484" mi="0" ci="1" mb="0" cb="0"/><line nr="1488" mi="0" ci="1" mb="0" cb="0"/><line nr="1497" mi="0" ci="3" mb="0" cb="0"/><line nr="1499" mi="0" ci="6" mb="0" cb="0"/><line nr="1500" mi="0" ci="7" mb="0" cb="2"/><line nr="1501" mi="0" ci="10" mb="0" cb="0"/><line nr="1503" mi="0" ci="1" mb="0" cb="0"/><line nr="1518" mi="0" ci="6" mb="0" cb="0"/><line nr="1519" mi="0" ci="2" mb="0" cb="0"/><line nr="1520" mi="0" ci="2" mb="0" cb="0"/><line nr="1537" mi="0" ci="5" mb="0" cb="0"/><line nr="1539" mi="0" ci="6" mb="0" cb="0"/><line nr="1541" mi="0" ci="7" mb="0" cb="2"/><line nr="1542" mi="0" ci="8" mb="0" cb="0"/><line nr="1544" mi="0" ci="1" mb="0" cb="0"/><line nr="1558" mi="0" ci="7" mb="0" cb="0"/><line nr="1559" mi="0" ci="1" mb="0" cb="0"/><line nr="1578" mi="0" ci="9" mb="0" cb="0"/><line nr="1602" mi="0" ci="6" mb="0" cb="0"/><line nr="1603" mi="0" ci="5" mb="0" cb="0"/><line nr="1604" mi="0" ci="2" mb="0" cb="0"/><line nr="1622" mi="0" ci="7" mb="0" cb="0"/><line nr="1625" mi="0" ci="6" mb="0" cb="0"/><line nr="1627" mi="0" ci="7" mb="0" cb="2"/><line nr="1628" mi="0" ci="6" mb="0" cb="0"/><line nr="1630" mi="0" ci="1" mb="0" cb="0"/><line nr="1645" mi="0" ci="7" mb="0" cb="0"/><line nr="1647" mi="0" ci="1" mb="0" cb="0"/><line nr="1668" mi="0" ci="9" mb="0" cb="0"/><line nr="1693" mi="0" ci="6" mb="0" cb="0"/><line nr="1694" mi="0" ci="5" mb="0" cb="0"/><line nr="1695" mi="0" ci="2" mb="0" cb="0"/><line nr="1710" mi="0" ci="3" mb="0" cb="0"/><line nr="1713" mi="0" ci="8" mb="0" cb="2"/><line nr="1714" mi="0" ci="12" mb="0" cb="0"/><line nr="1716" mi="0" ci="1" mb="0" cb="0"/><line nr="1729" mi="0" ci="2" mb="0" cb="0"/><line nr="1731" mi="0" ci="8" mb="0" cb="0"/><line nr="1732" mi="0" ci="3" mb="0" cb="0"/><line nr="1733" mi="1" ci="0" mb="0" cb="0"/><line nr="1735" mi="0" ci="1" mb="0" cb="0"/><line nr="1737" mi="0" ci="2" mb="0" cb="0"/><line nr="1747" mi="0" ci="4" mb="0" cb="0"/><line nr="1758" mi="0" ci="2" mb="0" cb="0"/><line nr="1760" mi="0" ci="2" mb="0" cb="2"/><line nr="1761" mi="0" ci="7" mb="0" cb="0"/><line nr="1762" mi="0" ci="11" mb="0" cb="0"/><line nr="1764" mi="0" ci="7" mb="0" cb="0"/><line nr="1765" mi="0" ci="10" mb="0" cb="0"/><line nr="1767" mi="1" ci="0" mb="0" cb="0"/><line nr="1769" mi="0" ci="1" mb="0" cb="0"/><line nr="1770" mi="0" ci="2" mb="0" cb="0"/><line nr="1781" mi="0" ci="4" mb="0" cb="0"/><line nr="1782" mi="0" ci="1" mb="0" cb="0"/><line nr="1794" mi="0" ci="6" mb="0" cb="2"/><line nr="1795" mi="0" ci="5" mb="0" cb="0"/><line nr="1799" mi="0" ci="2" mb="0" cb="2"/><line nr="1800" mi="0" ci="9" mb="0" cb="0"/><line nr="1802" mi="0" ci="2" mb="0" cb="0"/><line nr="1804" mi="0" ci="8" mb="0" cb="2"/><line nr="1805" mi="0" ci="8" mb="0" cb="2"/><line nr="1806" mi="0" ci="12" mb="0" cb="0"/><line nr="1807" mi="0" ci="1" mb="0" cb="0"/><line nr="1811" mi="0" ci="1" mb="0" cb="0"/><line nr="1824" mi="0" ci="5" mb="0" cb="2"/><line nr="1825" mi="0" ci="5" mb="0" cb="0"/><line nr="1827" mi="0" ci="10" mb="1" cb="3"/><line nr="1828" mi="0" ci="5" mb="0" cb="0"/><line nr="1838" mi="0" ci="8" mb="0" cb="2"/><line nr="1839" mi="0" ci="8" mb="0" cb="2"/><line nr="1841" mi="0" ci="7" mb="0" cb="0"/><line nr="1842" mi="0" ci="5" mb="0" cb="0"/><line nr="1844" mi="0" ci="7" mb="0" cb="0"/><line nr="1845" mi="0" ci="5" mb="0" cb="0"/><line nr="1847" mi="0" ci="6" mb="0" cb="0"/><line nr="1848" mi="0" ci="5" mb="0" cb="0"/><line nr="1849" mi="0" ci="5" mb="0" cb="0"/><line nr="1852" mi="0" ci="1" mb="0" cb="0"/><line nr="1864" mi="0" ci="8" mb="0" cb="0"/><line nr="1865" mi="0" ci="3" mb="0" cb="0"/><line nr="1866" mi="0" ci="2" mb="0" cb="0"/><line nr="1877" mi="0" ci="3" mb="0" cb="0"/><line nr="1878" mi="0" ci="1" mb="0" cb="0"/><line nr="1887" mi="0" ci="6" mb="0" cb="0"/><line nr="1888" mi="0" ci="7" mb="0" cb="2"/><line nr="1889" mi="0" ci="13" mb="0" cb="0"/><line nr="1891" mi="0" ci="1" mb="0" cb="0"/><line nr="1900" mi="0" ci="6" mb="0" cb="0"/><line nr="1901" mi="0" ci="7" mb="0" cb="2"/><line nr="1902" mi="0" ci="13" mb="0" cb="0"/><line nr="1904" mi="0" ci="1" mb="0" cb="0"/><line nr="1916" mi="0" ci="3" mb="0" cb="0"/><line nr="1918" mi="0" ci="7" mb="0" cb="2"/><line nr="1919" mi="0" ci="8" mb="0" cb="2"/><line nr="1920" mi="0" ci="2" mb="0" cb="0"/><line nr="1921" mi="0" ci="8" mb="0" cb="2"/><line nr="1922" mi="0" ci="22" mb="0" cb="0"/><line nr="1925" mi="0" ci="8" mb="0" cb="0"/><line nr="1928" mi="0" ci="1" mb="0" cb="0"/><line nr="1937" mi="0" ci="7" mb="0" cb="0"/><line nr="1938" mi="0" ci="1" mb="0" cb="0"/><line nr="1950" mi="0" ci="3" mb="0" cb="0"/><line nr="1951" mi="0" ci="3" mb="0" cb="0"/><line nr="1953" mi="0" ci="8" mb="0" cb="2"/><line nr="1954" mi="0" ci="5" mb="0" cb="0"/><line nr="1955" mi="0" ci="8" mb="0" cb="2"/><line nr="1956" mi="0" ci="5" mb="0" cb="0"/><line nr="1957" mi="0" ci="10" mb="0" cb="0"/><line nr="1959" mi="0" ci="7" mb="0" cb="2"/><line nr="1960" mi="0" ci="4" mb="0" cb="0"/><line nr="1961" mi="0" ci="7" mb="0" cb="2"/><line nr="1962" mi="0" ci="4" mb="0" cb="0"/><line nr="1963" mi="0" ci="10" mb="0" cb="0"/><line nr="1966" mi="0" ci="4" mb="0" cb="0"/><line nr="1967" mi="0" ci="8" mb="0" cb="0"/><line nr="1972" mi="0" ci="1" mb="0" cb="0"/><line nr="1981" mi="0" ci="7" mb="0" cb="0"/><line nr="1982" mi="0" ci="1" mb="0" cb="0"/><line nr="1991" mi="0" ci="6" mb="0" cb="0"/><line nr="1992" mi="0" ci="7" mb="0" cb="2"/><line nr="1993" mi="0" ci="13" mb="0" cb="0"/><line nr="1995" mi="0" ci="1" mb="0" cb="0"/><line nr="2006" mi="0" ci="8" mb="0" cb="2"/><line nr="2007" mi="0" ci="8" mb="0" cb="2"/><line nr="2008" mi="0" ci="16" mb="0" cb="0"/><line nr="2012" mi="0" ci="1" mb="0" cb="0"/><line nr="2020" mi="0" ci="6" mb="0" cb="0"/><line nr="2021" mi="0" ci="1" mb="0" cb="0"/><line nr="2033" mi="0" ci="4" mb="0" cb="4"/><line nr="2034" mi="0" ci="4" mb="0" cb="0"/><line nr="2037" mi="0" ci="3" mb="0" cb="0"/><line nr="2038" mi="0" ci="3" mb="0" cb="0"/><line nr="2041" mi="0" ci="6" mb="0" cb="0"/><line nr="2042" mi="0" ci="4" mb="0" cb="0"/><line nr="2045" mi="0" ci="2" mb="0" cb="0"/><line nr="2046" mi="0" ci="7" mb="0" cb="2"/><line nr="2047" mi="0" ci="5" mb="0" cb="0"/><line nr="2048" mi="0" ci="4" mb="0" cb="0"/><line nr="2050" mi="0" ci="1" mb="0" cb="0"/><line nr="2067" mi="0" ci="2" mb="0" cb="0"/><line nr="2068" mi="0" ci="2" mb="0" cb="0"/><line nr="2069" mi="0" ci="7" mb="0" cb="2"/><line nr="2070" mi="0" ci="7" mb="0" cb="2"/><line nr="2071" mi="0" ci="18" mb="0" cb="0"/><line nr="2073" mi="0" ci="1" mb="0" cb="0"/><line nr="2075" mi="0" ci="2" mb="0" cb="0"/><line nr="2076" mi="0" ci="1" mb="0" cb="0"/><line nr="2078" mi="0" ci="1" mb="0" cb="0"/><line nr="2099" mi="0" ci="2" mb="0" cb="0"/><line nr="2100" mi="0" ci="2" mb="0" cb="2"/><line nr="2101" mi="0" ci="8" mb="0" cb="2"/><line nr="2102" mi="0" ci="7" mb="0" cb="2"/><line nr="2103" mi="0" ci="12" mb="0" cb="0"/><line nr="2104" mi="0" ci="1" mb="0" cb="0"/><line nr="2108" mi="0" ci="7" mb="0" cb="2"/><line nr="2109" mi="0" ci="7" mb="0" cb="2"/><line nr="2110" mi="0" ci="12" mb="0" cb="0"/><line nr="2111" mi="0" ci="1" mb="0" cb="0"/><line nr="2115" mi="0" ci="1" mb="0" cb="0"/><counter type="INSTRUCTION" missed="93" covered="2483"/><counter type="BRANCH" missed="76" covered="328"/><counter type="LINE" missed="29" covered="459"/><counter type="COMPLEXITY" missed="74" covered="219"/><counter type="METHOD" missed="0" covered="91"/><counter type="CLASS" missed="0" covered="1"/></sourcefile><sourcefile name="WrongSizeException.java"><line nr="26" mi="0" ci="2" mb="0" cb="0"/><line nr="27" mi="0" ci="1" mb="0" cb="0"/><line nr="35" mi="0" ci="3" mb="0" cb="0"/><line nr="36" mi="0" ci="1" mb="0" cb="0"/><line nr="45" mi="0" ci="4" mb="0" cb="0"/><line nr="46" mi="0" ci="1" mb="0" cb="0"/><line nr="54" mi="0" ci="3" mb="0" cb="0"/><line nr="55" mi="0" ci="1" mb="0" cb="0"/><counter type="INSTRUCTION" missed="0" covered="16"/><counter type="LINE" missed="0" covered="8"/><counter type="COMPLEXITY" missed="0" covered="4"/><counter type="METHOD" missed="0" covered="4"/><counter type="CLASS" missed="0" covered="1"/></sourcefile><counter type="INSTRUCTION" missed="596" covered="11636"/><counter type="BRANCH" missed="244" covered="1235"/><counter type="LINE" missed="203" covered="2449"/><counter type="COMPLEXITY" missed="236" covered="940"/><counter type="METHOD" missed="3" covered="433"/><counter type="CLASS" missed="0" covered="29"/></package><counter type="INSTRUCTION" missed="661" covered="12486"/><counter type="BRANCH" missed="254" covered="1307"/><counter type="LINE" missed="227" covered="2675"/><counter type="COMPLEXITY" missed="246" covered="1021"/><counter type="METHOD" missed="3" covered="483"/><counter type="CLASS" missed="0" covered="32"/></report>